Loading python-cbrg/current
  Loading requirement: python-base/3.11.14
Loading R-cbrg/current
  Loading requirement: R-base/default hdf5/1.10.7
[bioreport] Starting a report for inhibitory_receptors at 2026-04-21 06:15:45 in /ceph/project/sharmalab/dnimrich/cd8atlas/output/inhibitory_receptors
[bioreport] Loading from /ceph/project/sharmalab/dnimrich/cd8atlas/data/qc+subsampled_100000.h5ad
[bioreport] Loaded adata with with shape (91098, 14025)
[bioreport] Preserved existing `counts` layer from loaded adata
[bioreport] Labeled 13256 genes from protein-coding_gene.txt
[bioreport] ## 3. Feature selection
[bioreport] ### 3.3 Highly Variable Gene selection
slurmstepd-imm-wn6: error: *** JOB 5601215 ON imm-wn6 CANCELLED AT 2026-04-21T06:15:49 ***
CBB Profiling started Tue Apr 21 06:15:36 2026
SLURM_JOB_ID		5601215
REQ_CPU_CORES		16
REQ_MEMORY_GB		48.000000
Starting profiling...

                                                                                
                                                                                
                                   CPU (cores)                                  
  16 +----------------------------------------------------------------------+   
     |         +         +         +          +         +         +         |   
     |                                                                      |   
  14 |-+                                                                  +-|   
     |                                                                      |   
     |                                                                      |   
  12 |-+                                                                  +-|   
     |                                                                      |   
     |                                                                      |   
  10 |-+                                                                  +-|   
     |                                                                      |   
   8 |-+                                                                  +-|   
     |                                                                      |   
     |                                                                      |   
   6 |-+                                                                  +-|   
     |                                                                      |   
     |                                                                      |   
   4 |-+                                                                  +-|   
     |                                                                      |   
     |                                                                      |   
   2 |-+                                                                  +-|   
     |        ##########################################################    |   
     |      ## +         +         +          +         +         +         |   
   0 +----------------------------------------------------------------------+   
     0         2         4         6          8         10        12        14  
                               Job profiling step                               
                                                                                

                                                                                
                                                                                
                                   Memory (GB)                                  
  50 +----------------------------------------------------------------------+   
     |******************************************************************    |   
  45 |-+                                                                  +-|   
     |                                                                      |   
     |                                                                      |   
  40 |-+                                                                  +-|   
     |                                                                      |   
  35 |-+                                                                  +-|   
     |                                                                      |   
  30 |-+                                                                  +-|   
     |                                                                      |   
  25 |-+                                                                  +-|   
     |                                                                      |   
     |                                                                      |   
  20 |-+                                                                  +-|   
     |                                                                      |   
  15 |-+                                                                  +-|   
     |                                                                      |   
  10 |-+                                                                  +-|   
     |                                                                      |   
     |                                                                      |   
   5 |-+                                                        ########  +-|   
     |         +         +         +          +  ###############  +         |   
   0 +----------------------------------------------------------------------+   
     0         2         4         6          8         10        12        14  
                               Job profiling step                               
                                                                                

                                                                                
                                                                                
                                  Data read (GB)                                
    1 +---------------------------------------------------------------------+   
      |         +         +         +         +         +         +         |   
      |                                                                     |   
      |                                                                     |   
      |                                                                     |   
      |                                                                     |   
  0.5 |-+                                                                 +-|   
      |                                                                     |   
      |                                                                     |   
      |                                                                     |   
      |                                                                     |   
    0 |#################################################################  +-|   
      |                                                                     |   
      |                                                                     |   
      |                                                                     |   
      |                                                                     |   
      |                                                                     |   
 -0.5 |-+                                                                 +-|   
      |                                                                     |   
      |                                                                     |   
      |                                                                     |   
      |                                                                     |   
      |         +         +         +         +         +         +         |   
   -1 +---------------------------------------------------------------------+   
      0         2         4         6         8         10        12        14  
                                Job profiling step                              
                                                                                

                                                                                
                                                                                
                                   Data written (GB)                            
   0.0004 +-----------------------------------------------------------------+   
          |        +         +        +         +        +         +        |   
          |                                                                 |   
  0.00035 |-+                                                    ####     +-|   
          |                                       ###############    ###    |   
          |                  #####################                          |   
   0.0003 |-+                #                                            +-|   
          |                 #                                               |   
          |                 #                                               |   
  0.00025 |-+               #                                             +-|   
          |                #                                                |   
   0.0002 |-+              #                                              +-|   
          |                #                                                |   
          |               #                                                 |   
  0.00015 |-+             #                                               +-|   
          |               #                                                 |   
          |              #                                                  |   
   0.0001 |-+            #                                                +-|   
          |              #                                                  |   
          |             #                                                   |   
    5e-05 |-+    ########                                                 +-|   
          |   ###                                                           |   
          | ##     +         +        +         +        +         +        |   
        0 +-----------------------------------------------------------------+   
          0        2         4        6         8        10        12       14  
                                  Job profiling step                            
                                                                                
