Loading python-cbrg/current
  Loading requirement: python-base/3.11.14
Loading R-cbrg/current
  Loading requirement: R-base/default hdf5/1.10.7
[bioreport] Starting a report for pipeline_elements at 2026-04-17 18:16:47 in /ceph/project/sharmalab/dnimrich/cd8atlas/output/pipeline_elements
[bioreport] Loading from /ceph/project/sharmalab/dnimrich/cd8atlas/data/adata_umap_clustering_n=15_mindist=0.3_res=0.5.h5ad
[bioreport] Loaded adata with with shape (91098, 4000)
[bioreport] ## 6. Dotplot All Markers
[bioreport] ### Finding significant genes with FindAllMarkers (via Seurat in R)
[bioreport] FindAllMarkers will use up to 16 R worker(s)
Warning: Data is of class dgTMatrix. Coercing to dgCMatrix.
Using future::multicore with 16 workers for FindAllMarkers
Calculating cluster 10
Calculating cluster 4
Calculating cluster 8
Calculating cluster 2
Calculating cluster 11
Calculating cluster 3
Calculating cluster 1
Calculating cluster 9
Calculating cluster 18
Calculating cluster 0
Calculating cluster 5
Calculating cluster 21
Calculating cluster 15
Calculating cluster 14
Calculating cluster 6
Calculating cluster 12
Calculating cluster 7
Calculating cluster 19
Calculating cluster 13
Calculating cluster 16
Calculating cluster 17
Calculating cluster 20
Calculating cluster 22
Calculating cluster 23
Warning: No DE genes identified
There were 24 warnings (use warnings() to see them)
[bioreport] Ran FindAllMarkers in R, selected 0 genes
[bioreport] No genes selected in adata.var[`findallmarkers_selected`], skipping dotplot
[bioreport] exported pdf into: pipeline_elements_20260417_181647_report.pdf
CBB Profiling started Fri Apr 17 18:16:29 2026
SLURM_JOB_ID		5555859
REQ_CPU_CORES		16
REQ_MEMORY_GB		128.000000
Starting profiling...

                                                                                
                                                                                
                                   CPU (cores)                                  
  16 +----------------------------------------------------------------------+   
     |        +        +        +        +       +        +        +        |   
     |                                                                      |   
  14 |-+                                                                  +-|   
     |                                                                      |   
     |                                                                      |   
  12 |-+                                                                  +-|   
     |                                                                      |   
     |                                                                      |   
  10 |-+                                                                  +-|   
     |                                                                      |   
   8 |-+                                                                  +-|   
     |                                                                      |   
     |                                                                      |   
   6 |-+                                                                  +-|   
     |                                                                      |   
     |                                                                      |   
   4 |-##                                                                 +-|   
     | ###                                                                  |   
     | # ##                                                                 |   
   2 |-#  #######                                                         +-|   
     | #        ####################################################        |   
     |##      +        +        +        +       +        +        #        |   
   0 +----------------------------------------------------------------------+   
     0       200      400      600      800     1000     1200     1400     1600 
                               Job profiling step                               
                                                                                

                                                                                
                                                                                
                                    Memory (GB)                                 
  140 +---------------------------------------------------------------------+   
      |        +        +       +        +        +        +       +        |   
      |*************************************************************        |   
  120 |-+                                                                 +-|   
      |                                                                     |   
      |                                                                     |   
      |                                                                     |   
  100 |-+                                                                 +-|   
      |                                                                     |   
      |                                                                     |   
   80 |-+                                                                 +-|   
      |                                                                     |   
      |                                      #### # ####  ####### #         |   
   60 |-+               ##  #              # #################### #       +-|   
      |                 ############ # ###### # ####################        |   
      |                ###################### # # ##   ## # ###### #        |   
   40 |-+             ############ ########## # # #    ## #  ## ## #      +-|   
      |            #####  #   #          #      #      #        ## #        |   
      |            ####                                            #        |   
      |          ######                                            #        |   
   20 |#+   #######                                                #      +-|   
      |######                                                      #        |   
      |#       +        +       +        +        +        +       #        |   
    0 +---------------------------------------------------------------------+   
      0       200      400     600      800      1000     1200    1400     1600 
                                Job profiling step                              
                                                                                

                                                                                
                                                                                
                                   Data read (GB)                               
  0.006 +-------------------------------------------------------------------+   
        |        +       +        +       +        +       +        #       |   
        |                                                           #       |   
        |                                                          #        |   
  0.005 |-+                                                        #      +-|   
        |                                                          #        |   
        |                                                          #        |   
        |                                                          #        |   
  0.004 |-+                                                        #      +-|   
        |                                                          #        |   
        |                                                          #        |   
  0.003 |-+                                                        #      +-|   
        |                                                          #        |   
        |                                                          #        |   
        |###########################################################        |   
  0.002 |#+                                                               +-|   
        |#                                                                  |   
        |#                                                                  |   
        |#                                                                  |   
  0.001 |#+                                                               +-|   
        |#                                                                  |   
        |#                                                                  |   
        |#       +       +        +       +        +       +        +       |   
      0 +-------------------------------------------------------------------+   
        0       200     400      600     800      1000    1200     1400    1600 
                                 Job profiling step                             
                                                                                

                                                                                
                                                                                
                                Data written (GB)                               
  12 +----------------------------------------------------------------------+   
     |        +        +        +        +       +        +        +        |   
     | #############################################################        |   
     | #                                                                    |   
  10 |-#                                                                  +-|   
     | #                                                                    |   
     | #                                                                    |   
     | #                                                                    |   
   8 |-#                                                                  +-|   
     | #                                                                    |   
     | #                                                                    |   
   6 |-#                                                                  +-|   
     | #                                                                    |   
     | #                                                                    |   
     | #                                                                    |   
   4 |-#                                                                  +-|   
     | #                                                                    |   
     | #                                                                    |   
     | #                                                                    |   
   2 |-#                                                                  +-|   
     | #                                                                    |   
     | #                                                                    |   
     | #      +        +        +        +       +        +        +        |   
   0 +----------------------------------------------------------------------+   
     0       200      400      600      800     1000     1200     1400     1600 
                               Job profiling step                               
                                                                                
