Loading python-cbrg/current
  Loading requirement: python-base/3.11.14
Error.  nthreads cannot be larger than environment variable "NUMEXPR_MAX_THREADS" (64)[bioreport] Starting a report for parameter_iteration at 2026-03-24 13:02:31 in /ceph/project/sharmalab/dnimrich/cd8atlas/output/parameter_iteration
[bioreport] # Loading and preprocessing data
[bioreport] Loading from /ceph/project/sharmalab/dnimrich/cd8atlas/data/subsampled_100000.h5ad
[bioreport] Loaded adata with with shape (100000, 19957)
[bioreport] ## 1. Quality Control
[bioreport] ### 1.1 Ambient RNA QC
[bioreport] Checking if a cleanup is necessary, flagging cells with less than 1000 counts as potential ambient RNA contamination
[bioreport] No significant RNA contamination detected, skipping cleanup
[bioreport] ### 1.2 Count QC
[bioreport] logged a table: 6 rows x 9 columns
[bioreport] saving figure: qc_before_total_counts_hist.png
[bioreport] saving figure: qc_before_pct_counts_mt_hist.png
[bioreport] saving figure: qc_before_pct_counts_mt_violin.png
[bioreport] saving figure: qc_before_scatter_genes_total_mt.png
[bioreport] Number of count outliers with `MAD > 5`: 1548
[bioreport] Number of mitochondrial outliers with `MAD > 5` or `pct_counts_mt > 8`: 7739
[bioreport] Filtered out outliers: 8902 (8.90%)
[bioreport] Filtering out genes expressed in less than 20 cells
/package/python-cbrg/current/3.11.14/lib/python3.11/site-packages/scanpy/preprocessing/_simple.py:293: ImplicitModificationWarning: Trying to modify attribute `.var` of view, initializing view as actual.
  adata.var["n_cells"] = number
[bioreport] Removed 14368 genes (28.01%)
[bioreport] #### After count QC:
[bioreport] saving figure: qc_after_total_counts_MAD=5.png
[bioreport] saving figure: qc_after_pct_counts_mt_MAD=5.png
[bioreport] saving figure: qc_after_pct_counts_mt_violin_MAD=5.png
[bioreport] saving figure: qc_after_scatter_genes_total_mt_MAD=5.png
[bioreport] ### 1.4 Gene exclusion
[bioreport] Excluding genes matching the following patterns:
[bioreport] logged a table: 10 rows x 2 columns
[bioreport] Removing 340 genes (2.37%)
[bioreport] Shape after exclusion panel filtering: (91098, 14028)
[bioreport] ## 2. Normalisation
[bioreport] Normalised in reference to total counts
[bioreport] Transformed with log1p
[bioreport] saving figure: normalisation_total_counts_hist.png
[bioreport] saving figure: normalisation_log1p_hist.png
[bioreport] Saving into /ceph/project/sharmalab/dnimrich/cd8atlas/output/parameter-iteration_preprocessed.h5ad
[bioreport] 
> Saved adata with shape (91098, 14028)
[bioreport] # Loaded parameters from /ceph/project/sharmalab/dnimrich/cd8atlas/code/parameter_iteration/parameters.csv:
[bioreport] logged a table: 3 rows x 6 columns
[bioreport] Running with 162 parameter combinations
[bioreport] ## Run 1/162: hvg2000_pcs(20,)_nn(10,)_res0.3_md0.1
/package/python-cbrg/current/3.11.14/lib/python3.11/site-packages/scanpy/preprocessing/_normalization.py:269: UserWarning: Received a view of an AnnData. Making a copy.
  view_to_actual(adata)
/package/python-base/3.11.14/lib/python3.11/functools.py:909: UserWarning: zero-centering a sparse array/matrix densifies it.
  return dispatch(args[0].__class__)(*args, **kw)
2026-03-24 13:04:42.175486: I external/local_xla/xla/tsl/cuda/cudart_stub.cc:31] Could not find cuda drivers on your machine, GPU will not be used.
2026-03-24 13:04:43.258701: I tensorflow/core/platform/cpu_feature_guard.cc:210] This TensorFlow binary is optimized to use available CPU instructions in performance-critical operations.
To enable the following instructions: AVX2 FMA, in other operations, rebuild TensorFlow with the appropriate compiler flags.
/ceph/project/sharmalab/dnimrich/cd8atlas/code/pipeline_elements.py:367: FutureWarning: In the future, the default backend for leiden will be igraph instead of leidenalg.

 To achieve the future defaults please pass: flavor="igraph" and n_iterations=2.  directed must also be False to work with igraph's implementation.
  sc.tl.leiden(adata, resolution=leiden_resolution, key_added=leiden_key)
[bioreport] ## Run 2/162: hvg2000_pcs(20,)_nn(10,)_res0.3_md0.3
/package/python-cbrg/current/3.11.14/lib/python3.11/site-packages/scanpy/preprocessing/_normalization.py:269: UserWarning: Received a view of an AnnData. Making a copy.
  view_to_actual(adata)
/package/python-base/3.11.14/lib/python3.11/functools.py:909: UserWarning: zero-centering a sparse array/matrix densifies it.
  return dispatch(args[0].__class__)(*args, **kw)
[bioreport] ## Run 3/162: hvg2000_pcs(20,)_nn(10,)_res0.3_md0.5
/package/python-cbrg/current/3.11.14/lib/python3.11/site-packages/scanpy/preprocessing/_normalization.py:269: UserWarning: Received a view of an AnnData. Making a copy.
  view_to_actual(adata)
/package/python-base/3.11.14/lib/python3.11/functools.py:909: UserWarning: zero-centering a sparse array/matrix densifies it.
  return dispatch(args[0].__class__)(*args, **kw)
[bioreport] ## Run 4/162: hvg2000_pcs(20,)_nn(10,)_res0.5_md0.1
/package/python-cbrg/current/3.11.14/lib/python3.11/site-packages/scanpy/preprocessing/_normalization.py:269: UserWarning: Received a view of an AnnData. Making a copy.
  view_to_actual(adata)
/package/python-base/3.11.14/lib/python3.11/functools.py:909: UserWarning: zero-centering a sparse array/matrix densifies it.
  return dispatch(args[0].__class__)(*args, **kw)
[bioreport] ## Run 5/162: hvg2000_pcs(20,)_nn(10,)_res0.5_md0.3
/package/python-cbrg/current/3.11.14/lib/python3.11/site-packages/scanpy/preprocessing/_normalization.py:269: UserWarning: Received a view of an AnnData. Making a copy.
  view_to_actual(adata)
/package/python-base/3.11.14/lib/python3.11/functools.py:909: UserWarning: zero-centering a sparse array/matrix densifies it.
  return dispatch(args[0].__class__)(*args, **kw)
[bioreport] ## Run 6/162: hvg2000_pcs(20,)_nn(10,)_res0.5_md0.5
/package/python-cbrg/current/3.11.14/lib/python3.11/site-packages/scanpy/preprocessing/_normalization.py:269: UserWarning: Received a view of an AnnData. Making a copy.
  view_to_actual(adata)
/package/python-base/3.11.14/lib/python3.11/functools.py:909: UserWarning: zero-centering a sparse array/matrix densifies it.
  return dispatch(args[0].__class__)(*args, **kw)
[bioreport] ## Run 7/162: hvg2000_pcs(20,)_nn(10,)_res1.0_md0.1
/package/python-cbrg/current/3.11.14/lib/python3.11/site-packages/scanpy/preprocessing/_normalization.py:269: UserWarning: Received a view of an AnnData. Making a copy.
  view_to_actual(adata)
/package/python-base/3.11.14/lib/python3.11/functools.py:909: UserWarning: zero-centering a sparse array/matrix densifies it.
  return dispatch(args[0].__class__)(*args, **kw)
[bioreport] ## Run 8/162: hvg2000_pcs(20,)_nn(10,)_res1.0_md0.3
/package/python-cbrg/current/3.11.14/lib/python3.11/site-packages/scanpy/preprocessing/_normalization.py:269: UserWarning: Received a view of an AnnData. Making a copy.
  view_to_actual(adata)
/package/python-base/3.11.14/lib/python3.11/functools.py:909: UserWarning: zero-centering a sparse array/matrix densifies it.
  return dispatch(args[0].__class__)(*args, **kw)
[bioreport] ## Run 9/162: hvg2000_pcs(20,)_nn(10,)_res1.0_md0.5
/package/python-cbrg/current/3.11.14/lib/python3.11/site-packages/scanpy/preprocessing/_normalization.py:269: UserWarning: Received a view of an AnnData. Making a copy.
  view_to_actual(adata)
/package/python-base/3.11.14/lib/python3.11/functools.py:909: UserWarning: zero-centering a sparse array/matrix densifies it.
  return dispatch(args[0].__class__)(*args, **kw)
[bioreport] ## Run 10/162: hvg2000_pcs(20,)_nn(15,)_res0.3_md0.1
/package/python-cbrg/current/3.11.14/lib/python3.11/site-packages/scanpy/preprocessing/_normalization.py:269: UserWarning: Received a view of an AnnData. Making a copy.
  view_to_actual(adata)
/package/python-base/3.11.14/lib/python3.11/functools.py:909: UserWarning: zero-centering a sparse array/matrix densifies it.
  return dispatch(args[0].__class__)(*args, **kw)
[bioreport] ## Run 11/162: hvg2000_pcs(20,)_nn(15,)_res0.3_md0.3
/package/python-cbrg/current/3.11.14/lib/python3.11/site-packages/scanpy/preprocessing/_normalization.py:269: UserWarning: Received a view of an AnnData. Making a copy.
  view_to_actual(adata)
/package/python-base/3.11.14/lib/python3.11/functools.py:909: UserWarning: zero-centering a sparse array/matrix densifies it.
  return dispatch(args[0].__class__)(*args, **kw)
[bioreport] ## Run 12/162: hvg2000_pcs(20,)_nn(15,)_res0.3_md0.5
/package/python-cbrg/current/3.11.14/lib/python3.11/site-packages/scanpy/preprocessing/_normalization.py:269: UserWarning: Received a view of an AnnData. Making a copy.
  view_to_actual(adata)
/package/python-base/3.11.14/lib/python3.11/functools.py:909: UserWarning: zero-centering a sparse array/matrix densifies it.
  return dispatch(args[0].__class__)(*args, **kw)
[bioreport] ## Run 13/162: hvg2000_pcs(20,)_nn(15,)_res0.5_md0.1
/package/python-cbrg/current/3.11.14/lib/python3.11/site-packages/scanpy/preprocessing/_normalization.py:269: UserWarning: Received a view of an AnnData. Making a copy.
  view_to_actual(adata)
/package/python-base/3.11.14/lib/python3.11/functools.py:909: UserWarning: zero-centering a sparse array/matrix densifies it.
  return dispatch(args[0].__class__)(*args, **kw)
[bioreport] ## Run 14/162: hvg2000_pcs(20,)_nn(15,)_res0.5_md0.3
/package/python-cbrg/current/3.11.14/lib/python3.11/site-packages/scanpy/preprocessing/_normalization.py:269: UserWarning: Received a view of an AnnData. Making a copy.
  view_to_actual(adata)
/package/python-base/3.11.14/lib/python3.11/functools.py:909: UserWarning: zero-centering a sparse array/matrix densifies it.
  return dispatch(args[0].__class__)(*args, **kw)
[bioreport] ## Run 15/162: hvg2000_pcs(20,)_nn(15,)_res0.5_md0.5
/package/python-cbrg/current/3.11.14/lib/python3.11/site-packages/scanpy/preprocessing/_normalization.py:269: UserWarning: Received a view of an AnnData. Making a copy.
  view_to_actual(adata)
/package/python-base/3.11.14/lib/python3.11/functools.py:909: UserWarning: zero-centering a sparse array/matrix densifies it.
  return dispatch(args[0].__class__)(*args, **kw)
[bioreport] ## Run 16/162: hvg2000_pcs(20,)_nn(15,)_res1.0_md0.1
/package/python-cbrg/current/3.11.14/lib/python3.11/site-packages/scanpy/preprocessing/_normalization.py:269: UserWarning: Received a view of an AnnData. Making a copy.
  view_to_actual(adata)
/package/python-base/3.11.14/lib/python3.11/functools.py:909: UserWarning: zero-centering a sparse array/matrix densifies it.
  return dispatch(args[0].__class__)(*args, **kw)
[bioreport] ## Run 17/162: hvg2000_pcs(20,)_nn(15,)_res1.0_md0.3
/package/python-cbrg/current/3.11.14/lib/python3.11/site-packages/scanpy/preprocessing/_normalization.py:269: UserWarning: Received a view of an AnnData. Making a copy.
  view_to_actual(adata)
/package/python-base/3.11.14/lib/python3.11/functools.py:909: UserWarning: zero-centering a sparse array/matrix densifies it.
  return dispatch(args[0].__class__)(*args, **kw)
[bioreport] ## Run 18/162: hvg2000_pcs(20,)_nn(15,)_res1.0_md0.5
/package/python-cbrg/current/3.11.14/lib/python3.11/site-packages/scanpy/preprocessing/_normalization.py:269: UserWarning: Received a view of an AnnData. Making a copy.
  view_to_actual(adata)
/package/python-base/3.11.14/lib/python3.11/functools.py:909: UserWarning: zero-centering a sparse array/matrix densifies it.
  return dispatch(args[0].__class__)(*args, **kw)
[bioreport] ## Run 19/162: hvg2000_pcs(20,)_nn(20,)_res0.3_md0.1
/package/python-cbrg/current/3.11.14/lib/python3.11/site-packages/scanpy/preprocessing/_normalization.py:269: UserWarning: Received a view of an AnnData. Making a copy.
  view_to_actual(adata)
/package/python-base/3.11.14/lib/python3.11/functools.py:909: UserWarning: zero-centering a sparse array/matrix densifies it.
  return dispatch(args[0].__class__)(*args, **kw)
[bioreport] ## Run 20/162: hvg2000_pcs(20,)_nn(20,)_res0.3_md0.3
/package/python-cbrg/current/3.11.14/lib/python3.11/site-packages/scanpy/preprocessing/_normalization.py:269: UserWarning: Received a view of an AnnData. Making a copy.
  view_to_actual(adata)
/package/python-base/3.11.14/lib/python3.11/functools.py:909: UserWarning: zero-centering a sparse array/matrix densifies it.
  return dispatch(args[0].__class__)(*args, **kw)
[bioreport] ## Run 21/162: hvg2000_pcs(20,)_nn(20,)_res0.3_md0.5
/package/python-cbrg/current/3.11.14/lib/python3.11/site-packages/scanpy/preprocessing/_normalization.py:269: UserWarning: Received a view of an AnnData. Making a copy.
  view_to_actual(adata)
/package/python-base/3.11.14/lib/python3.11/functools.py:909: UserWarning: zero-centering a sparse array/matrix densifies it.
  return dispatch(args[0].__class__)(*args, **kw)
[bioreport] ## Run 22/162: hvg2000_pcs(20,)_nn(20,)_res0.5_md0.1
/package/python-cbrg/current/3.11.14/lib/python3.11/site-packages/scanpy/preprocessing/_normalization.py:269: UserWarning: Received a view of an AnnData. Making a copy.
  view_to_actual(adata)
/package/python-base/3.11.14/lib/python3.11/functools.py:909: UserWarning: zero-centering a sparse array/matrix densifies it.
  return dispatch(args[0].__class__)(*args, **kw)
[bioreport] ## Run 23/162: hvg2000_pcs(20,)_nn(20,)_res0.5_md0.3
/package/python-cbrg/current/3.11.14/lib/python3.11/site-packages/scanpy/preprocessing/_normalization.py:269: UserWarning: Received a view of an AnnData. Making a copy.
  view_to_actual(adata)
/package/python-base/3.11.14/lib/python3.11/functools.py:909: UserWarning: zero-centering a sparse array/matrix densifies it.
  return dispatch(args[0].__class__)(*args, **kw)
[bioreport] ## Run 24/162: hvg2000_pcs(20,)_nn(20,)_res0.5_md0.5
/package/python-cbrg/current/3.11.14/lib/python3.11/site-packages/scanpy/preprocessing/_normalization.py:269: UserWarning: Received a view of an AnnData. Making a copy.
  view_to_actual(adata)
/package/python-base/3.11.14/lib/python3.11/functools.py:909: UserWarning: zero-centering a sparse array/matrix densifies it.
  return dispatch(args[0].__class__)(*args, **kw)
[bioreport] ## Run 25/162: hvg2000_pcs(20,)_nn(20,)_res1.0_md0.1
/package/python-cbrg/current/3.11.14/lib/python3.11/site-packages/scanpy/preprocessing/_normalization.py:269: UserWarning: Received a view of an AnnData. Making a copy.
  view_to_actual(adata)
/package/python-base/3.11.14/lib/python3.11/functools.py:909: UserWarning: zero-centering a sparse array/matrix densifies it.
  return dispatch(args[0].__class__)(*args, **kw)
[bioreport] ## Run 26/162: hvg2000_pcs(20,)_nn(20,)_res1.0_md0.3
/package/python-cbrg/current/3.11.14/lib/python3.11/site-packages/scanpy/preprocessing/_normalization.py:269: UserWarning: Received a view of an AnnData. Making a copy.
  view_to_actual(adata)
/package/python-base/3.11.14/lib/python3.11/functools.py:909: UserWarning: zero-centering a sparse array/matrix densifies it.
  return dispatch(args[0].__class__)(*args, **kw)
[bioreport] ## Run 27/162: hvg2000_pcs(20,)_nn(20,)_res1.0_md0.5
/package/python-cbrg/current/3.11.14/lib/python3.11/site-packages/scanpy/preprocessing/_normalization.py:269: UserWarning: Received a view of an AnnData. Making a copy.
  view_to_actual(adata)
/package/python-base/3.11.14/lib/python3.11/functools.py:909: UserWarning: zero-centering a sparse array/matrix densifies it.
  return dispatch(args[0].__class__)(*args, **kw)
[bioreport] ## Run 28/162: hvg2000_pcs(30,)_nn(10,)_res0.3_md0.1
/package/python-cbrg/current/3.11.14/lib/python3.11/site-packages/scanpy/preprocessing/_normalization.py:269: UserWarning: Received a view of an AnnData. Making a copy.
  view_to_actual(adata)
/package/python-base/3.11.14/lib/python3.11/functools.py:909: UserWarning: zero-centering a sparse array/matrix densifies it.
  return dispatch(args[0].__class__)(*args, **kw)
[bioreport] ## Run 29/162: hvg2000_pcs(30,)_nn(10,)_res0.3_md0.3
/package/python-cbrg/current/3.11.14/lib/python3.11/site-packages/scanpy/preprocessing/_normalization.py:269: UserWarning: Received a view of an AnnData. Making a copy.
  view_to_actual(adata)
/package/python-base/3.11.14/lib/python3.11/functools.py:909: UserWarning: zero-centering a sparse array/matrix densifies it.
  return dispatch(args[0].__class__)(*args, **kw)
[bioreport] ## Run 30/162: hvg2000_pcs(30,)_nn(10,)_res0.3_md0.5
/package/python-cbrg/current/3.11.14/lib/python3.11/site-packages/scanpy/preprocessing/_normalization.py:269: UserWarning: Received a view of an AnnData. Making a copy.
  view_to_actual(adata)
/package/python-base/3.11.14/lib/python3.11/functools.py:909: UserWarning: zero-centering a sparse array/matrix densifies it.
  return dispatch(args[0].__class__)(*args, **kw)
[bioreport] ## Run 31/162: hvg2000_pcs(30,)_nn(10,)_res0.5_md0.1
/package/python-cbrg/current/3.11.14/lib/python3.11/site-packages/scanpy/preprocessing/_normalization.py:269: UserWarning: Received a view of an AnnData. Making a copy.
  view_to_actual(adata)
/package/python-base/3.11.14/lib/python3.11/functools.py:909: UserWarning: zero-centering a sparse array/matrix densifies it.
  return dispatch(args[0].__class__)(*args, **kw)
[bioreport] ## Run 32/162: hvg2000_pcs(30,)_nn(10,)_res0.5_md0.3
/package/python-cbrg/current/3.11.14/lib/python3.11/site-packages/scanpy/preprocessing/_normalization.py:269: UserWarning: Received a view of an AnnData. Making a copy.
  view_to_actual(adata)
/package/python-base/3.11.14/lib/python3.11/functools.py:909: UserWarning: zero-centering a sparse array/matrix densifies it.
  return dispatch(args[0].__class__)(*args, **kw)
[bioreport] ## Run 33/162: hvg2000_pcs(30,)_nn(10,)_res0.5_md0.5
/package/python-cbrg/current/3.11.14/lib/python3.11/site-packages/scanpy/preprocessing/_normalization.py:269: UserWarning: Received a view of an AnnData. Making a copy.
  view_to_actual(adata)
/package/python-base/3.11.14/lib/python3.11/functools.py:909: UserWarning: zero-centering a sparse array/matrix densifies it.
  return dispatch(args[0].__class__)(*args, **kw)
[bioreport] ## Run 34/162: hvg2000_pcs(30,)_nn(10,)_res1.0_md0.1
/package/python-cbrg/current/3.11.14/lib/python3.11/site-packages/scanpy/preprocessing/_normalization.py:269: UserWarning: Received a view of an AnnData. Making a copy.
  view_to_actual(adata)
/package/python-base/3.11.14/lib/python3.11/functools.py:909: UserWarning: zero-centering a sparse array/matrix densifies it.
  return dispatch(args[0].__class__)(*args, **kw)
[bioreport] ## Run 35/162: hvg2000_pcs(30,)_nn(10,)_res1.0_md0.3
/package/python-cbrg/current/3.11.14/lib/python3.11/site-packages/scanpy/preprocessing/_normalization.py:269: UserWarning: Received a view of an AnnData. Making a copy.
  view_to_actual(adata)
/package/python-base/3.11.14/lib/python3.11/functools.py:909: UserWarning: zero-centering a sparse array/matrix densifies it.
  return dispatch(args[0].__class__)(*args, **kw)
[bioreport] ## Run 36/162: hvg2000_pcs(30,)_nn(10,)_res1.0_md0.5
/package/python-cbrg/current/3.11.14/lib/python3.11/site-packages/scanpy/preprocessing/_normalization.py:269: UserWarning: Received a view of an AnnData. Making a copy.
  view_to_actual(adata)
/package/python-base/3.11.14/lib/python3.11/functools.py:909: UserWarning: zero-centering a sparse array/matrix densifies it.
  return dispatch(args[0].__class__)(*args, **kw)
[bioreport] ## Run 37/162: hvg2000_pcs(30,)_nn(15,)_res0.3_md0.1
/package/python-cbrg/current/3.11.14/lib/python3.11/site-packages/scanpy/preprocessing/_normalization.py:269: UserWarning: Received a view of an AnnData. Making a copy.
  view_to_actual(adata)
/package/python-base/3.11.14/lib/python3.11/functools.py:909: UserWarning: zero-centering a sparse array/matrix densifies it.
  return dispatch(args[0].__class__)(*args, **kw)
[bioreport] ## Run 38/162: hvg2000_pcs(30,)_nn(15,)_res0.3_md0.3
/package/python-cbrg/current/3.11.14/lib/python3.11/site-packages/scanpy/preprocessing/_normalization.py:269: UserWarning: Received a view of an AnnData. Making a copy.
  view_to_actual(adata)
/package/python-base/3.11.14/lib/python3.11/functools.py:909: UserWarning: zero-centering a sparse array/matrix densifies it.
  return dispatch(args[0].__class__)(*args, **kw)
[bioreport] ## Run 39/162: hvg2000_pcs(30,)_nn(15,)_res0.3_md0.5
/package/python-cbrg/current/3.11.14/lib/python3.11/site-packages/scanpy/preprocessing/_normalization.py:269: UserWarning: Received a view of an AnnData. Making a copy.
  view_to_actual(adata)
/package/python-base/3.11.14/lib/python3.11/functools.py:909: UserWarning: zero-centering a sparse array/matrix densifies it.
  return dispatch(args[0].__class__)(*args, **kw)
[bioreport] ## Run 40/162: hvg2000_pcs(30,)_nn(15,)_res0.5_md0.1
/package/python-cbrg/current/3.11.14/lib/python3.11/site-packages/scanpy/preprocessing/_normalization.py:269: UserWarning: Received a view of an AnnData. Making a copy.
  view_to_actual(adata)
/package/python-base/3.11.14/lib/python3.11/functools.py:909: UserWarning: zero-centering a sparse array/matrix densifies it.
  return dispatch(args[0].__class__)(*args, **kw)
[bioreport] ## Run 41/162: hvg2000_pcs(30,)_nn(15,)_res0.5_md0.3
/package/python-cbrg/current/3.11.14/lib/python3.11/site-packages/scanpy/preprocessing/_normalization.py:269: UserWarning: Received a view of an AnnData. Making a copy.
  view_to_actual(adata)
/package/python-base/3.11.14/lib/python3.11/functools.py:909: UserWarning: zero-centering a sparse array/matrix densifies it.
  return dispatch(args[0].__class__)(*args, **kw)
[bioreport] ## Run 42/162: hvg2000_pcs(30,)_nn(15,)_res0.5_md0.5
/package/python-cbrg/current/3.11.14/lib/python3.11/site-packages/scanpy/preprocessing/_normalization.py:269: UserWarning: Received a view of an AnnData. Making a copy.
  view_to_actual(adata)
/package/python-base/3.11.14/lib/python3.11/functools.py:909: UserWarning: zero-centering a sparse array/matrix densifies it.
  return dispatch(args[0].__class__)(*args, **kw)
[bioreport] ## Run 43/162: hvg2000_pcs(30,)_nn(15,)_res1.0_md0.1
/package/python-cbrg/current/3.11.14/lib/python3.11/site-packages/scanpy/preprocessing/_normalization.py:269: UserWarning: Received a view of an AnnData. Making a copy.
  view_to_actual(adata)
/package/python-base/3.11.14/lib/python3.11/functools.py:909: UserWarning: zero-centering a sparse array/matrix densifies it.
  return dispatch(args[0].__class__)(*args, **kw)
[bioreport] ## Run 44/162: hvg2000_pcs(30,)_nn(15,)_res1.0_md0.3
/package/python-cbrg/current/3.11.14/lib/python3.11/site-packages/scanpy/preprocessing/_normalization.py:269: UserWarning: Received a view of an AnnData. Making a copy.
  view_to_actual(adata)
/package/python-base/3.11.14/lib/python3.11/functools.py:909: UserWarning: zero-centering a sparse array/matrix densifies it.
  return dispatch(args[0].__class__)(*args, **kw)
[bioreport] ## Run 45/162: hvg2000_pcs(30,)_nn(15,)_res1.0_md0.5
/package/python-cbrg/current/3.11.14/lib/python3.11/site-packages/scanpy/preprocessing/_normalization.py:269: UserWarning: Received a view of an AnnData. Making a copy.
  view_to_actual(adata)
/package/python-base/3.11.14/lib/python3.11/functools.py:909: UserWarning: zero-centering a sparse array/matrix densifies it.
  return dispatch(args[0].__class__)(*args, **kw)
[bioreport] ## Run 46/162: hvg2000_pcs(30,)_nn(20,)_res0.3_md0.1
/package/python-cbrg/current/3.11.14/lib/python3.11/site-packages/scanpy/preprocessing/_normalization.py:269: UserWarning: Received a view of an AnnData. Making a copy.
  view_to_actual(adata)
/package/python-base/3.11.14/lib/python3.11/functools.py:909: UserWarning: zero-centering a sparse array/matrix densifies it.
  return dispatch(args[0].__class__)(*args, **kw)
[bioreport] ## Run 47/162: hvg2000_pcs(30,)_nn(20,)_res0.3_md0.3
/package/python-cbrg/current/3.11.14/lib/python3.11/site-packages/scanpy/preprocessing/_normalization.py:269: UserWarning: Received a view of an AnnData. Making a copy.
  view_to_actual(adata)
/package/python-base/3.11.14/lib/python3.11/functools.py:909: UserWarning: zero-centering a sparse array/matrix densifies it.
  return dispatch(args[0].__class__)(*args, **kw)
[bioreport] ## Run 48/162: hvg2000_pcs(30,)_nn(20,)_res0.3_md0.5
/package/python-cbrg/current/3.11.14/lib/python3.11/site-packages/scanpy/preprocessing/_normalization.py:269: UserWarning: Received a view of an AnnData. Making a copy.
  view_to_actual(adata)
/package/python-base/3.11.14/lib/python3.11/functools.py:909: UserWarning: zero-centering a sparse array/matrix densifies it.
  return dispatch(args[0].__class__)(*args, **kw)
[bioreport] ## Run 49/162: hvg2000_pcs(30,)_nn(20,)_res0.5_md0.1
/package/python-cbrg/current/3.11.14/lib/python3.11/site-packages/scanpy/preprocessing/_normalization.py:269: UserWarning: Received a view of an AnnData. Making a copy.
  view_to_actual(adata)
/package/python-base/3.11.14/lib/python3.11/functools.py:909: UserWarning: zero-centering a sparse array/matrix densifies it.
  return dispatch(args[0].__class__)(*args, **kw)
[bioreport] ## Run 50/162: hvg2000_pcs(30,)_nn(20,)_res0.5_md0.3
/package/python-cbrg/current/3.11.14/lib/python3.11/site-packages/scanpy/preprocessing/_normalization.py:269: UserWarning: Received a view of an AnnData. Making a copy.
  view_to_actual(adata)
/package/python-base/3.11.14/lib/python3.11/functools.py:909: UserWarning: zero-centering a sparse array/matrix densifies it.
  return dispatch(args[0].__class__)(*args, **kw)
[bioreport] ## Run 51/162: hvg2000_pcs(30,)_nn(20,)_res0.5_md0.5
/package/python-cbrg/current/3.11.14/lib/python3.11/site-packages/scanpy/preprocessing/_normalization.py:269: UserWarning: Received a view of an AnnData. Making a copy.
  view_to_actual(adata)
/package/python-base/3.11.14/lib/python3.11/functools.py:909: UserWarning: zero-centering a sparse array/matrix densifies it.
  return dispatch(args[0].__class__)(*args, **kw)
[bioreport] ## Run 52/162: hvg2000_pcs(30,)_nn(20,)_res1.0_md0.1
/package/python-cbrg/current/3.11.14/lib/python3.11/site-packages/scanpy/preprocessing/_normalization.py:269: UserWarning: Received a view of an AnnData. Making a copy.
  view_to_actual(adata)
/package/python-base/3.11.14/lib/python3.11/functools.py:909: UserWarning: zero-centering a sparse array/matrix densifies it.
  return dispatch(args[0].__class__)(*args, **kw)
[bioreport] ## Run 53/162: hvg2000_pcs(30,)_nn(20,)_res1.0_md0.3
/package/python-cbrg/current/3.11.14/lib/python3.11/site-packages/scanpy/preprocessing/_normalization.py:269: UserWarning: Received a view of an AnnData. Making a copy.
  view_to_actual(adata)
/package/python-base/3.11.14/lib/python3.11/functools.py:909: UserWarning: zero-centering a sparse array/matrix densifies it.
  return dispatch(args[0].__class__)(*args, **kw)
[bioreport] ## Run 54/162: hvg2000_pcs(30,)_nn(20,)_res1.0_md0.5
/package/python-cbrg/current/3.11.14/lib/python3.11/site-packages/scanpy/preprocessing/_normalization.py:269: UserWarning: Received a view of an AnnData. Making a copy.
  view_to_actual(adata)
/package/python-base/3.11.14/lib/python3.11/functools.py:909: UserWarning: zero-centering a sparse array/matrix densifies it.
  return dispatch(args[0].__class__)(*args, **kw)
[bioreport] ## Run 55/162: hvg3000_pcs(20,)_nn(10,)_res0.3_md0.1
/package/python-cbrg/current/3.11.14/lib/python3.11/site-packages/scanpy/preprocessing/_normalization.py:269: UserWarning: Received a view of an AnnData. Making a copy.
  view_to_actual(adata)
/package/python-base/3.11.14/lib/python3.11/functools.py:909: UserWarning: zero-centering a sparse array/matrix densifies it.
  return dispatch(args[0].__class__)(*args, **kw)
[bioreport] ## Run 56/162: hvg3000_pcs(20,)_nn(10,)_res0.3_md0.3
/package/python-cbrg/current/3.11.14/lib/python3.11/site-packages/scanpy/preprocessing/_normalization.py:269: UserWarning: Received a view of an AnnData. Making a copy.
  view_to_actual(adata)
/package/python-base/3.11.14/lib/python3.11/functools.py:909: UserWarning: zero-centering a sparse array/matrix densifies it.
  return dispatch(args[0].__class__)(*args, **kw)
[bioreport] ## Run 57/162: hvg3000_pcs(20,)_nn(10,)_res0.3_md0.5
/package/python-cbrg/current/3.11.14/lib/python3.11/site-packages/scanpy/preprocessing/_normalization.py:269: UserWarning: Received a view of an AnnData. Making a copy.
  view_to_actual(adata)
/package/python-base/3.11.14/lib/python3.11/functools.py:909: UserWarning: zero-centering a sparse array/matrix densifies it.
  return dispatch(args[0].__class__)(*args, **kw)
[bioreport] ## Run 58/162: hvg3000_pcs(20,)_nn(10,)_res0.5_md0.1
/package/python-cbrg/current/3.11.14/lib/python3.11/site-packages/scanpy/preprocessing/_normalization.py:269: UserWarning: Received a view of an AnnData. Making a copy.
  view_to_actual(adata)
/package/python-base/3.11.14/lib/python3.11/functools.py:909: UserWarning: zero-centering a sparse array/matrix densifies it.
  return dispatch(args[0].__class__)(*args, **kw)
[bioreport] ## Run 59/162: hvg3000_pcs(20,)_nn(10,)_res0.5_md0.3
/package/python-cbrg/current/3.11.14/lib/python3.11/site-packages/scanpy/preprocessing/_normalization.py:269: UserWarning: Received a view of an AnnData. Making a copy.
  view_to_actual(adata)
/package/python-base/3.11.14/lib/python3.11/functools.py:909: UserWarning: zero-centering a sparse array/matrix densifies it.
  return dispatch(args[0].__class__)(*args, **kw)
[bioreport] ## Run 60/162: hvg3000_pcs(20,)_nn(10,)_res0.5_md0.5
/package/python-cbrg/current/3.11.14/lib/python3.11/site-packages/scanpy/preprocessing/_normalization.py:269: UserWarning: Received a view of an AnnData. Making a copy.
  view_to_actual(adata)
/package/python-base/3.11.14/lib/python3.11/functools.py:909: UserWarning: zero-centering a sparse array/matrix densifies it.
  return dispatch(args[0].__class__)(*args, **kw)
[bioreport] ## Run 61/162: hvg3000_pcs(20,)_nn(10,)_res1.0_md0.1
/package/python-cbrg/current/3.11.14/lib/python3.11/site-packages/scanpy/preprocessing/_normalization.py:269: UserWarning: Received a view of an AnnData. Making a copy.
  view_to_actual(adata)
/package/python-base/3.11.14/lib/python3.11/functools.py:909: UserWarning: zero-centering a sparse array/matrix densifies it.
  return dispatch(args[0].__class__)(*args, **kw)
[bioreport] ## Run 62/162: hvg3000_pcs(20,)_nn(10,)_res1.0_md0.3
/package/python-cbrg/current/3.11.14/lib/python3.11/site-packages/scanpy/preprocessing/_normalization.py:269: UserWarning: Received a view of an AnnData. Making a copy.
  view_to_actual(adata)
/package/python-base/3.11.14/lib/python3.11/functools.py:909: UserWarning: zero-centering a sparse array/matrix densifies it.
  return dispatch(args[0].__class__)(*args, **kw)
[bioreport] ## Run 63/162: hvg3000_pcs(20,)_nn(10,)_res1.0_md0.5
/package/python-cbrg/current/3.11.14/lib/python3.11/site-packages/scanpy/preprocessing/_normalization.py:269: UserWarning: Received a view of an AnnData. Making a copy.
  view_to_actual(adata)
/package/python-base/3.11.14/lib/python3.11/functools.py:909: UserWarning: zero-centering a sparse array/matrix densifies it.
  return dispatch(args[0].__class__)(*args, **kw)
[bioreport] ## Run 64/162: hvg3000_pcs(20,)_nn(15,)_res0.3_md0.1
/package/python-cbrg/current/3.11.14/lib/python3.11/site-packages/scanpy/preprocessing/_normalization.py:269: UserWarning: Received a view of an AnnData. Making a copy.
  view_to_actual(adata)
/package/python-base/3.11.14/lib/python3.11/functools.py:909: UserWarning: zero-centering a sparse array/matrix densifies it.
  return dispatch(args[0].__class__)(*args, **kw)
[bioreport] ## Run 65/162: hvg3000_pcs(20,)_nn(15,)_res0.3_md0.3
/package/python-cbrg/current/3.11.14/lib/python3.11/site-packages/scanpy/preprocessing/_normalization.py:269: UserWarning: Received a view of an AnnData. Making a copy.
  view_to_actual(adata)
/package/python-base/3.11.14/lib/python3.11/functools.py:909: UserWarning: zero-centering a sparse array/matrix densifies it.
  return dispatch(args[0].__class__)(*args, **kw)
[bioreport] ## Run 66/162: hvg3000_pcs(20,)_nn(15,)_res0.3_md0.5
/package/python-cbrg/current/3.11.14/lib/python3.11/site-packages/scanpy/preprocessing/_normalization.py:269: UserWarning: Received a view of an AnnData. Making a copy.
  view_to_actual(adata)
/package/python-base/3.11.14/lib/python3.11/functools.py:909: UserWarning: zero-centering a sparse array/matrix densifies it.
  return dispatch(args[0].__class__)(*args, **kw)
[bioreport] ## Run 67/162: hvg3000_pcs(20,)_nn(15,)_res0.5_md0.1
/package/python-cbrg/current/3.11.14/lib/python3.11/site-packages/scanpy/preprocessing/_normalization.py:269: UserWarning: Received a view of an AnnData. Making a copy.
  view_to_actual(adata)
/package/python-base/3.11.14/lib/python3.11/functools.py:909: UserWarning: zero-centering a sparse array/matrix densifies it.
  return dispatch(args[0].__class__)(*args, **kw)
[bioreport] ## Run 68/162: hvg3000_pcs(20,)_nn(15,)_res0.5_md0.3
/package/python-cbrg/current/3.11.14/lib/python3.11/site-packages/scanpy/preprocessing/_normalization.py:269: UserWarning: Received a view of an AnnData. Making a copy.
  view_to_actual(adata)
/package/python-base/3.11.14/lib/python3.11/functools.py:909: UserWarning: zero-centering a sparse array/matrix densifies it.
  return dispatch(args[0].__class__)(*args, **kw)
[bioreport] ## Run 69/162: hvg3000_pcs(20,)_nn(15,)_res0.5_md0.5
/package/python-cbrg/current/3.11.14/lib/python3.11/site-packages/scanpy/preprocessing/_normalization.py:269: UserWarning: Received a view of an AnnData. Making a copy.
  view_to_actual(adata)
/package/python-base/3.11.14/lib/python3.11/functools.py:909: UserWarning: zero-centering a sparse array/matrix densifies it.
  return dispatch(args[0].__class__)(*args, **kw)
[bioreport] ## Run 70/162: hvg3000_pcs(20,)_nn(15,)_res1.0_md0.1
/package/python-cbrg/current/3.11.14/lib/python3.11/site-packages/scanpy/preprocessing/_normalization.py:269: UserWarning: Received a view of an AnnData. Making a copy.
  view_to_actual(adata)
/package/python-base/3.11.14/lib/python3.11/functools.py:909: UserWarning: zero-centering a sparse array/matrix densifies it.
  return dispatch(args[0].__class__)(*args, **kw)
[bioreport] ## Run 71/162: hvg3000_pcs(20,)_nn(15,)_res1.0_md0.3
/package/python-cbrg/current/3.11.14/lib/python3.11/site-packages/scanpy/preprocessing/_normalization.py:269: UserWarning: Received a view of an AnnData. Making a copy.
  view_to_actual(adata)
/package/python-base/3.11.14/lib/python3.11/functools.py:909: UserWarning: zero-centering a sparse array/matrix densifies it.
  return dispatch(args[0].__class__)(*args, **kw)
[bioreport] ## Run 72/162: hvg3000_pcs(20,)_nn(15,)_res1.0_md0.5
/package/python-cbrg/current/3.11.14/lib/python3.11/site-packages/scanpy/preprocessing/_normalization.py:269: UserWarning: Received a view of an AnnData. Making a copy.
  view_to_actual(adata)
/package/python-base/3.11.14/lib/python3.11/functools.py:909: UserWarning: zero-centering a sparse array/matrix densifies it.
  return dispatch(args[0].__class__)(*args, **kw)
[bioreport] ## Run 73/162: hvg3000_pcs(20,)_nn(20,)_res0.3_md0.1
/package/python-cbrg/current/3.11.14/lib/python3.11/site-packages/scanpy/preprocessing/_normalization.py:269: UserWarning: Received a view of an AnnData. Making a copy.
  view_to_actual(adata)
/package/python-base/3.11.14/lib/python3.11/functools.py:909: UserWarning: zero-centering a sparse array/matrix densifies it.
  return dispatch(args[0].__class__)(*args, **kw)
[bioreport] ## Run 74/162: hvg3000_pcs(20,)_nn(20,)_res0.3_md0.3
/package/python-cbrg/current/3.11.14/lib/python3.11/site-packages/scanpy/preprocessing/_normalization.py:269: UserWarning: Received a view of an AnnData. Making a copy.
  view_to_actual(adata)
/package/python-base/3.11.14/lib/python3.11/functools.py:909: UserWarning: zero-centering a sparse array/matrix densifies it.
  return dispatch(args[0].__class__)(*args, **kw)
[bioreport] ## Run 75/162: hvg3000_pcs(20,)_nn(20,)_res0.3_md0.5
/package/python-cbrg/current/3.11.14/lib/python3.11/site-packages/scanpy/preprocessing/_normalization.py:269: UserWarning: Received a view of an AnnData. Making a copy.
  view_to_actual(adata)
/package/python-base/3.11.14/lib/python3.11/functools.py:909: UserWarning: zero-centering a sparse array/matrix densifies it.
  return dispatch(args[0].__class__)(*args, **kw)
[bioreport] ## Run 76/162: hvg3000_pcs(20,)_nn(20,)_res0.5_md0.1
/package/python-cbrg/current/3.11.14/lib/python3.11/site-packages/scanpy/preprocessing/_normalization.py:269: UserWarning: Received a view of an AnnData. Making a copy.
  view_to_actual(adata)
/package/python-base/3.11.14/lib/python3.11/functools.py:909: UserWarning: zero-centering a sparse array/matrix densifies it.
  return dispatch(args[0].__class__)(*args, **kw)
[bioreport] ## Run 77/162: hvg3000_pcs(20,)_nn(20,)_res0.5_md0.3
/package/python-cbrg/current/3.11.14/lib/python3.11/site-packages/scanpy/preprocessing/_normalization.py:269: UserWarning: Received a view of an AnnData. Making a copy.
  view_to_actual(adata)
/package/python-base/3.11.14/lib/python3.11/functools.py:909: UserWarning: zero-centering a sparse array/matrix densifies it.
  return dispatch(args[0].__class__)(*args, **kw)
[bioreport] ## Run 78/162: hvg3000_pcs(20,)_nn(20,)_res0.5_md0.5
/package/python-cbrg/current/3.11.14/lib/python3.11/site-packages/scanpy/preprocessing/_normalization.py:269: UserWarning: Received a view of an AnnData. Making a copy.
  view_to_actual(adata)
/package/python-base/3.11.14/lib/python3.11/functools.py:909: UserWarning: zero-centering a sparse array/matrix densifies it.
  return dispatch(args[0].__class__)(*args, **kw)
[bioreport] ## Run 79/162: hvg3000_pcs(20,)_nn(20,)_res1.0_md0.1
/package/python-cbrg/current/3.11.14/lib/python3.11/site-packages/scanpy/preprocessing/_normalization.py:269: UserWarning: Received a view of an AnnData. Making a copy.
  view_to_actual(adata)
/package/python-base/3.11.14/lib/python3.11/functools.py:909: UserWarning: zero-centering a sparse array/matrix densifies it.
  return dispatch(args[0].__class__)(*args, **kw)
[bioreport] ## Run 80/162: hvg3000_pcs(20,)_nn(20,)_res1.0_md0.3
/package/python-cbrg/current/3.11.14/lib/python3.11/site-packages/scanpy/preprocessing/_normalization.py:269: UserWarning: Received a view of an AnnData. Making a copy.
  view_to_actual(adata)
/package/python-base/3.11.14/lib/python3.11/functools.py:909: UserWarning: zero-centering a sparse array/matrix densifies it.
  return dispatch(args[0].__class__)(*args, **kw)
[bioreport] ## Run 81/162: hvg3000_pcs(20,)_nn(20,)_res1.0_md0.5
/package/python-cbrg/current/3.11.14/lib/python3.11/site-packages/scanpy/preprocessing/_normalization.py:269: UserWarning: Received a view of an AnnData. Making a copy.
  view_to_actual(adata)
/package/python-base/3.11.14/lib/python3.11/functools.py:909: UserWarning: zero-centering a sparse array/matrix densifies it.
  return dispatch(args[0].__class__)(*args, **kw)
[bioreport] ## Run 82/162: hvg3000_pcs(30,)_nn(10,)_res0.3_md0.1
/package/python-cbrg/current/3.11.14/lib/python3.11/site-packages/scanpy/preprocessing/_normalization.py:269: UserWarning: Received a view of an AnnData. Making a copy.
  view_to_actual(adata)
/package/python-base/3.11.14/lib/python3.11/functools.py:909: UserWarning: zero-centering a sparse array/matrix densifies it.
  return dispatch(args[0].__class__)(*args, **kw)
[bioreport] ## Run 83/162: hvg3000_pcs(30,)_nn(10,)_res0.3_md0.3
/package/python-cbrg/current/3.11.14/lib/python3.11/site-packages/scanpy/preprocessing/_normalization.py:269: UserWarning: Received a view of an AnnData. Making a copy.
  view_to_actual(adata)
/package/python-base/3.11.14/lib/python3.11/functools.py:909: UserWarning: zero-centering a sparse array/matrix densifies it.
  return dispatch(args[0].__class__)(*args, **kw)
[bioreport] ## Run 84/162: hvg3000_pcs(30,)_nn(10,)_res0.3_md0.5
/package/python-cbrg/current/3.11.14/lib/python3.11/site-packages/scanpy/preprocessing/_normalization.py:269: UserWarning: Received a view of an AnnData. Making a copy.
  view_to_actual(adata)
/package/python-base/3.11.14/lib/python3.11/functools.py:909: UserWarning: zero-centering a sparse array/matrix densifies it.
  return dispatch(args[0].__class__)(*args, **kw)
[bioreport] ## Run 85/162: hvg3000_pcs(30,)_nn(10,)_res0.5_md0.1
/package/python-cbrg/current/3.11.14/lib/python3.11/site-packages/scanpy/preprocessing/_normalization.py:269: UserWarning: Received a view of an AnnData. Making a copy.
  view_to_actual(adata)
/package/python-base/3.11.14/lib/python3.11/functools.py:909: UserWarning: zero-centering a sparse array/matrix densifies it.
  return dispatch(args[0].__class__)(*args, **kw)
[bioreport] ## Run 86/162: hvg3000_pcs(30,)_nn(10,)_res0.5_md0.3
/package/python-cbrg/current/3.11.14/lib/python3.11/site-packages/scanpy/preprocessing/_normalization.py:269: UserWarning: Received a view of an AnnData. Making a copy.
  view_to_actual(adata)
/package/python-base/3.11.14/lib/python3.11/functools.py:909: UserWarning: zero-centering a sparse array/matrix densifies it.
  return dispatch(args[0].__class__)(*args, **kw)
[bioreport] ## Run 87/162: hvg3000_pcs(30,)_nn(10,)_res0.5_md0.5
/package/python-cbrg/current/3.11.14/lib/python3.11/site-packages/scanpy/preprocessing/_normalization.py:269: UserWarning: Received a view of an AnnData. Making a copy.
  view_to_actual(adata)
/package/python-base/3.11.14/lib/python3.11/functools.py:909: UserWarning: zero-centering a sparse array/matrix densifies it.
  return dispatch(args[0].__class__)(*args, **kw)
[bioreport] ## Run 88/162: hvg3000_pcs(30,)_nn(10,)_res1.0_md0.1
/package/python-cbrg/current/3.11.14/lib/python3.11/site-packages/scanpy/preprocessing/_normalization.py:269: UserWarning: Received a view of an AnnData. Making a copy.
  view_to_actual(adata)
/package/python-base/3.11.14/lib/python3.11/functools.py:909: UserWarning: zero-centering a sparse array/matrix densifies it.
  return dispatch(args[0].__class__)(*args, **kw)
[bioreport] ## Run 89/162: hvg3000_pcs(30,)_nn(10,)_res1.0_md0.3
/package/python-cbrg/current/3.11.14/lib/python3.11/site-packages/scanpy/preprocessing/_normalization.py:269: UserWarning: Received a view of an AnnData. Making a copy.
  view_to_actual(adata)
/package/python-base/3.11.14/lib/python3.11/functools.py:909: UserWarning: zero-centering a sparse array/matrix densifies it.
  return dispatch(args[0].__class__)(*args, **kw)
[bioreport] ## Run 90/162: hvg3000_pcs(30,)_nn(10,)_res1.0_md0.5
/package/python-cbrg/current/3.11.14/lib/python3.11/site-packages/scanpy/preprocessing/_normalization.py:269: UserWarning: Received a view of an AnnData. Making a copy.
  view_to_actual(adata)
/package/python-base/3.11.14/lib/python3.11/functools.py:909: UserWarning: zero-centering a sparse array/matrix densifies it.
  return dispatch(args[0].__class__)(*args, **kw)
[bioreport] ## Run 91/162: hvg3000_pcs(30,)_nn(15,)_res0.3_md0.1
/package/python-cbrg/current/3.11.14/lib/python3.11/site-packages/scanpy/preprocessing/_normalization.py:269: UserWarning: Received a view of an AnnData. Making a copy.
  view_to_actual(adata)
/package/python-base/3.11.14/lib/python3.11/functools.py:909: UserWarning: zero-centering a sparse array/matrix densifies it.
  return dispatch(args[0].__class__)(*args, **kw)
[bioreport] ## Run 92/162: hvg3000_pcs(30,)_nn(15,)_res0.3_md0.3
/package/python-cbrg/current/3.11.14/lib/python3.11/site-packages/scanpy/preprocessing/_normalization.py:269: UserWarning: Received a view of an AnnData. Making a copy.
  view_to_actual(adata)
/package/python-base/3.11.14/lib/python3.11/functools.py:909: UserWarning: zero-centering a sparse array/matrix densifies it.
  return dispatch(args[0].__class__)(*args, **kw)
[bioreport] ## Run 93/162: hvg3000_pcs(30,)_nn(15,)_res0.3_md0.5
/package/python-cbrg/current/3.11.14/lib/python3.11/site-packages/scanpy/preprocessing/_normalization.py:269: UserWarning: Received a view of an AnnData. Making a copy.
  view_to_actual(adata)
/package/python-base/3.11.14/lib/python3.11/functools.py:909: UserWarning: zero-centering a sparse array/matrix densifies it.
  return dispatch(args[0].__class__)(*args, **kw)
[bioreport] ## Run 94/162: hvg3000_pcs(30,)_nn(15,)_res0.5_md0.1
/package/python-cbrg/current/3.11.14/lib/python3.11/site-packages/scanpy/preprocessing/_normalization.py:269: UserWarning: Received a view of an AnnData. Making a copy.
  view_to_actual(adata)
/package/python-base/3.11.14/lib/python3.11/functools.py:909: UserWarning: zero-centering a sparse array/matrix densifies it.
  return dispatch(args[0].__class__)(*args, **kw)
[bioreport] ## Run 95/162: hvg3000_pcs(30,)_nn(15,)_res0.5_md0.3
/package/python-cbrg/current/3.11.14/lib/python3.11/site-packages/scanpy/preprocessing/_normalization.py:269: UserWarning: Received a view of an AnnData. Making a copy.
  view_to_actual(adata)
/package/python-base/3.11.14/lib/python3.11/functools.py:909: UserWarning: zero-centering a sparse array/matrix densifies it.
  return dispatch(args[0].__class__)(*args, **kw)
[bioreport] ## Run 96/162: hvg3000_pcs(30,)_nn(15,)_res0.5_md0.5
/package/python-cbrg/current/3.11.14/lib/python3.11/site-packages/scanpy/preprocessing/_normalization.py:269: UserWarning: Received a view of an AnnData. Making a copy.
  view_to_actual(adata)
/package/python-base/3.11.14/lib/python3.11/functools.py:909: UserWarning: zero-centering a sparse array/matrix densifies it.
  return dispatch(args[0].__class__)(*args, **kw)
[bioreport] ## Run 97/162: hvg3000_pcs(30,)_nn(15,)_res1.0_md0.1
/package/python-cbrg/current/3.11.14/lib/python3.11/site-packages/scanpy/preprocessing/_normalization.py:269: UserWarning: Received a view of an AnnData. Making a copy.
  view_to_actual(adata)
/package/python-base/3.11.14/lib/python3.11/functools.py:909: UserWarning: zero-centering a sparse array/matrix densifies it.
  return dispatch(args[0].__class__)(*args, **kw)
[bioreport] ## Run 98/162: hvg3000_pcs(30,)_nn(15,)_res1.0_md0.3
/package/python-cbrg/current/3.11.14/lib/python3.11/site-packages/scanpy/preprocessing/_normalization.py:269: UserWarning: Received a view of an AnnData. Making a copy.
  view_to_actual(adata)
/package/python-base/3.11.14/lib/python3.11/functools.py:909: UserWarning: zero-centering a sparse array/matrix densifies it.
  return dispatch(args[0].__class__)(*args, **kw)
[bioreport] ## Run 99/162: hvg3000_pcs(30,)_nn(15,)_res1.0_md0.5
/package/python-cbrg/current/3.11.14/lib/python3.11/site-packages/scanpy/preprocessing/_normalization.py:269: UserWarning: Received a view of an AnnData. Making a copy.
  view_to_actual(adata)
/package/python-base/3.11.14/lib/python3.11/functools.py:909: UserWarning: zero-centering a sparse array/matrix densifies it.
  return dispatch(args[0].__class__)(*args, **kw)
[bioreport] ## Run 100/162: hvg3000_pcs(30,)_nn(20,)_res0.3_md0.1
/package/python-cbrg/current/3.11.14/lib/python3.11/site-packages/scanpy/preprocessing/_normalization.py:269: UserWarning: Received a view of an AnnData. Making a copy.
  view_to_actual(adata)
/package/python-base/3.11.14/lib/python3.11/functools.py:909: UserWarning: zero-centering a sparse array/matrix densifies it.
  return dispatch(args[0].__class__)(*args, **kw)
[bioreport] ## Run 101/162: hvg3000_pcs(30,)_nn(20,)_res0.3_md0.3
/package/python-cbrg/current/3.11.14/lib/python3.11/site-packages/scanpy/preprocessing/_normalization.py:269: UserWarning: Received a view of an AnnData. Making a copy.
  view_to_actual(adata)
/package/python-base/3.11.14/lib/python3.11/functools.py:909: UserWarning: zero-centering a sparse array/matrix densifies it.
  return dispatch(args[0].__class__)(*args, **kw)
[bioreport] ## Run 102/162: hvg3000_pcs(30,)_nn(20,)_res0.3_md0.5
/package/python-cbrg/current/3.11.14/lib/python3.11/site-packages/scanpy/preprocessing/_normalization.py:269: UserWarning: Received a view of an AnnData. Making a copy.
  view_to_actual(adata)
/package/python-base/3.11.14/lib/python3.11/functools.py:909: UserWarning: zero-centering a sparse array/matrix densifies it.
  return dispatch(args[0].__class__)(*args, **kw)
[bioreport] ## Run 103/162: hvg3000_pcs(30,)_nn(20,)_res0.5_md0.1
/package/python-cbrg/current/3.11.14/lib/python3.11/site-packages/scanpy/preprocessing/_normalization.py:269: UserWarning: Received a view of an AnnData. Making a copy.
  view_to_actual(adata)
/package/python-base/3.11.14/lib/python3.11/functools.py:909: UserWarning: zero-centering a sparse array/matrix densifies it.
  return dispatch(args[0].__class__)(*args, **kw)
[bioreport] ## Run 104/162: hvg3000_pcs(30,)_nn(20,)_res0.5_md0.3
/package/python-cbrg/current/3.11.14/lib/python3.11/site-packages/scanpy/preprocessing/_normalization.py:269: UserWarning: Received a view of an AnnData. Making a copy.
  view_to_actual(adata)
/package/python-base/3.11.14/lib/python3.11/functools.py:909: UserWarning: zero-centering a sparse array/matrix densifies it.
  return dispatch(args[0].__class__)(*args, **kw)
[bioreport] ## Run 105/162: hvg3000_pcs(30,)_nn(20,)_res0.5_md0.5
/package/python-cbrg/current/3.11.14/lib/python3.11/site-packages/scanpy/preprocessing/_normalization.py:269: UserWarning: Received a view of an AnnData. Making a copy.
  view_to_actual(adata)
/package/python-base/3.11.14/lib/python3.11/functools.py:909: UserWarning: zero-centering a sparse array/matrix densifies it.
  return dispatch(args[0].__class__)(*args, **kw)
[bioreport] ## Run 106/162: hvg3000_pcs(30,)_nn(20,)_res1.0_md0.1
/package/python-cbrg/current/3.11.14/lib/python3.11/site-packages/scanpy/preprocessing/_normalization.py:269: UserWarning: Received a view of an AnnData. Making a copy.
  view_to_actual(adata)
/package/python-base/3.11.14/lib/python3.11/functools.py:909: UserWarning: zero-centering a sparse array/matrix densifies it.
  return dispatch(args[0].__class__)(*args, **kw)
[bioreport] ## Run 107/162: hvg3000_pcs(30,)_nn(20,)_res1.0_md0.3
/package/python-cbrg/current/3.11.14/lib/python3.11/site-packages/scanpy/preprocessing/_normalization.py:269: UserWarning: Received a view of an AnnData. Making a copy.
  view_to_actual(adata)
/package/python-base/3.11.14/lib/python3.11/functools.py:909: UserWarning: zero-centering a sparse array/matrix densifies it.
  return dispatch(args[0].__class__)(*args, **kw)
[bioreport] ## Run 108/162: hvg3000_pcs(30,)_nn(20,)_res1.0_md0.5
/package/python-cbrg/current/3.11.14/lib/python3.11/site-packages/scanpy/preprocessing/_normalization.py:269: UserWarning: Received a view of an AnnData. Making a copy.
  view_to_actual(adata)
/package/python-base/3.11.14/lib/python3.11/functools.py:909: UserWarning: zero-centering a sparse array/matrix densifies it.
  return dispatch(args[0].__class__)(*args, **kw)
[bioreport] ## Run 109/162: hvg4000_pcs(20,)_nn(10,)_res0.3_md0.1
/package/python-cbrg/current/3.11.14/lib/python3.11/site-packages/scanpy/preprocessing/_normalization.py:269: UserWarning: Received a view of an AnnData. Making a copy.
  view_to_actual(adata)
/package/python-base/3.11.14/lib/python3.11/functools.py:909: UserWarning: zero-centering a sparse array/matrix densifies it.
  return dispatch(args[0].__class__)(*args, **kw)
[bioreport] ## Run 110/162: hvg4000_pcs(20,)_nn(10,)_res0.3_md0.3
/package/python-cbrg/current/3.11.14/lib/python3.11/site-packages/scanpy/preprocessing/_normalization.py:269: UserWarning: Received a view of an AnnData. Making a copy.
  view_to_actual(adata)
/package/python-base/3.11.14/lib/python3.11/functools.py:909: UserWarning: zero-centering a sparse array/matrix densifies it.
  return dispatch(args[0].__class__)(*args, **kw)
[bioreport] ## Run 111/162: hvg4000_pcs(20,)_nn(10,)_res0.3_md0.5
/package/python-cbrg/current/3.11.14/lib/python3.11/site-packages/scanpy/preprocessing/_normalization.py:269: UserWarning: Received a view of an AnnData. Making a copy.
  view_to_actual(adata)
/package/python-base/3.11.14/lib/python3.11/functools.py:909: UserWarning: zero-centering a sparse array/matrix densifies it.
  return dispatch(args[0].__class__)(*args, **kw)
[bioreport] ## Run 112/162: hvg4000_pcs(20,)_nn(10,)_res0.5_md0.1
/package/python-cbrg/current/3.11.14/lib/python3.11/site-packages/scanpy/preprocessing/_normalization.py:269: UserWarning: Received a view of an AnnData. Making a copy.
  view_to_actual(adata)
/package/python-base/3.11.14/lib/python3.11/functools.py:909: UserWarning: zero-centering a sparse array/matrix densifies it.
  return dispatch(args[0].__class__)(*args, **kw)
[bioreport] ## Run 113/162: hvg4000_pcs(20,)_nn(10,)_res0.5_md0.3
/package/python-cbrg/current/3.11.14/lib/python3.11/site-packages/scanpy/preprocessing/_normalization.py:269: UserWarning: Received a view of an AnnData. Making a copy.
  view_to_actual(adata)
/package/python-base/3.11.14/lib/python3.11/functools.py:909: UserWarning: zero-centering a sparse array/matrix densifies it.
  return dispatch(args[0].__class__)(*args, **kw)
[bioreport] ## Run 114/162: hvg4000_pcs(20,)_nn(10,)_res0.5_md0.5
/package/python-cbrg/current/3.11.14/lib/python3.11/site-packages/scanpy/preprocessing/_normalization.py:269: UserWarning: Received a view of an AnnData. Making a copy.
  view_to_actual(adata)
/package/python-base/3.11.14/lib/python3.11/functools.py:909: UserWarning: zero-centering a sparse array/matrix densifies it.
  return dispatch(args[0].__class__)(*args, **kw)
[bioreport] ## Run 115/162: hvg4000_pcs(20,)_nn(10,)_res1.0_md0.1
/package/python-cbrg/current/3.11.14/lib/python3.11/site-packages/scanpy/preprocessing/_normalization.py:269: UserWarning: Received a view of an AnnData. Making a copy.
  view_to_actual(adata)
/package/python-base/3.11.14/lib/python3.11/functools.py:909: UserWarning: zero-centering a sparse array/matrix densifies it.
  return dispatch(args[0].__class__)(*args, **kw)
[bioreport] ## Run 116/162: hvg4000_pcs(20,)_nn(10,)_res1.0_md0.3
/package/python-cbrg/current/3.11.14/lib/python3.11/site-packages/scanpy/preprocessing/_normalization.py:269: UserWarning: Received a view of an AnnData. Making a copy.
  view_to_actual(adata)
/package/python-base/3.11.14/lib/python3.11/functools.py:909: UserWarning: zero-centering a sparse array/matrix densifies it.
  return dispatch(args[0].__class__)(*args, **kw)
[bioreport] ## Run 117/162: hvg4000_pcs(20,)_nn(10,)_res1.0_md0.5
/package/python-cbrg/current/3.11.14/lib/python3.11/site-packages/scanpy/preprocessing/_normalization.py:269: UserWarning: Received a view of an AnnData. Making a copy.
  view_to_actual(adata)
/package/python-base/3.11.14/lib/python3.11/functools.py:909: UserWarning: zero-centering a sparse array/matrix densifies it.
  return dispatch(args[0].__class__)(*args, **kw)
[bioreport] ## Run 118/162: hvg4000_pcs(20,)_nn(15,)_res0.3_md0.1
/package/python-cbrg/current/3.11.14/lib/python3.11/site-packages/scanpy/preprocessing/_normalization.py:269: UserWarning: Received a view of an AnnData. Making a copy.
  view_to_actual(adata)
/package/python-base/3.11.14/lib/python3.11/functools.py:909: UserWarning: zero-centering a sparse array/matrix densifies it.
  return dispatch(args[0].__class__)(*args, **kw)
[bioreport] ## Run 119/162: hvg4000_pcs(20,)_nn(15,)_res0.3_md0.3
/package/python-cbrg/current/3.11.14/lib/python3.11/site-packages/scanpy/preprocessing/_normalization.py:269: UserWarning: Received a view of an AnnData. Making a copy.
  view_to_actual(adata)
/package/python-base/3.11.14/lib/python3.11/functools.py:909: UserWarning: zero-centering a sparse array/matrix densifies it.
  return dispatch(args[0].__class__)(*args, **kw)
[bioreport] ## Run 120/162: hvg4000_pcs(20,)_nn(15,)_res0.3_md0.5
/package/python-cbrg/current/3.11.14/lib/python3.11/site-packages/scanpy/preprocessing/_normalization.py:269: UserWarning: Received a view of an AnnData. Making a copy.
  view_to_actual(adata)
/package/python-base/3.11.14/lib/python3.11/functools.py:909: UserWarning: zero-centering a sparse array/matrix densifies it.
  return dispatch(args[0].__class__)(*args, **kw)
[bioreport] ## Run 121/162: hvg4000_pcs(20,)_nn(15,)_res0.5_md0.1
/package/python-cbrg/current/3.11.14/lib/python3.11/site-packages/scanpy/preprocessing/_normalization.py:269: UserWarning: Received a view of an AnnData. Making a copy.
  view_to_actual(adata)
/package/python-base/3.11.14/lib/python3.11/functools.py:909: UserWarning: zero-centering a sparse array/matrix densifies it.
  return dispatch(args[0].__class__)(*args, **kw)
[bioreport] ## Run 122/162: hvg4000_pcs(20,)_nn(15,)_res0.5_md0.3
/package/python-cbrg/current/3.11.14/lib/python3.11/site-packages/scanpy/preprocessing/_normalization.py:269: UserWarning: Received a view of an AnnData. Making a copy.
  view_to_actual(adata)
/package/python-base/3.11.14/lib/python3.11/functools.py:909: UserWarning: zero-centering a sparse array/matrix densifies it.
  return dispatch(args[0].__class__)(*args, **kw)
[bioreport] ## Run 123/162: hvg4000_pcs(20,)_nn(15,)_res0.5_md0.5
/package/python-cbrg/current/3.11.14/lib/python3.11/site-packages/scanpy/preprocessing/_normalization.py:269: UserWarning: Received a view of an AnnData. Making a copy.
  view_to_actual(adata)
/package/python-base/3.11.14/lib/python3.11/functools.py:909: UserWarning: zero-centering a sparse array/matrix densifies it.
  return dispatch(args[0].__class__)(*args, **kw)
[bioreport] ## Run 124/162: hvg4000_pcs(20,)_nn(15,)_res1.0_md0.1
/package/python-cbrg/current/3.11.14/lib/python3.11/site-packages/scanpy/preprocessing/_normalization.py:269: UserWarning: Received a view of an AnnData. Making a copy.
  view_to_actual(adata)
/package/python-base/3.11.14/lib/python3.11/functools.py:909: UserWarning: zero-centering a sparse array/matrix densifies it.
  return dispatch(args[0].__class__)(*args, **kw)
[bioreport] ## Run 125/162: hvg4000_pcs(20,)_nn(15,)_res1.0_md0.3
/package/python-cbrg/current/3.11.14/lib/python3.11/site-packages/scanpy/preprocessing/_normalization.py:269: UserWarning: Received a view of an AnnData. Making a copy.
  view_to_actual(adata)
/package/python-base/3.11.14/lib/python3.11/functools.py:909: UserWarning: zero-centering a sparse array/matrix densifies it.
  return dispatch(args[0].__class__)(*args, **kw)
[bioreport] ## Run 126/162: hvg4000_pcs(20,)_nn(15,)_res1.0_md0.5
/package/python-cbrg/current/3.11.14/lib/python3.11/site-packages/scanpy/preprocessing/_normalization.py:269: UserWarning: Received a view of an AnnData. Making a copy.
  view_to_actual(adata)
/package/python-base/3.11.14/lib/python3.11/functools.py:909: UserWarning: zero-centering a sparse array/matrix densifies it.
  return dispatch(args[0].__class__)(*args, **kw)
[bioreport] ## Run 127/162: hvg4000_pcs(20,)_nn(20,)_res0.3_md0.1
/package/python-cbrg/current/3.11.14/lib/python3.11/site-packages/scanpy/preprocessing/_normalization.py:269: UserWarning: Received a view of an AnnData. Making a copy.
  view_to_actual(adata)
/package/python-base/3.11.14/lib/python3.11/functools.py:909: UserWarning: zero-centering a sparse array/matrix densifies it.
  return dispatch(args[0].__class__)(*args, **kw)
[bioreport] ## Run 128/162: hvg4000_pcs(20,)_nn(20,)_res0.3_md0.3
/package/python-cbrg/current/3.11.14/lib/python3.11/site-packages/scanpy/preprocessing/_normalization.py:269: UserWarning: Received a view of an AnnData. Making a copy.
  view_to_actual(adata)
/package/python-base/3.11.14/lib/python3.11/functools.py:909: UserWarning: zero-centering a sparse array/matrix densifies it.
  return dispatch(args[0].__class__)(*args, **kw)
[bioreport] ## Run 129/162: hvg4000_pcs(20,)_nn(20,)_res0.3_md0.5
/package/python-cbrg/current/3.11.14/lib/python3.11/site-packages/scanpy/preprocessing/_normalization.py:269: UserWarning: Received a view of an AnnData. Making a copy.
  view_to_actual(adata)
/package/python-base/3.11.14/lib/python3.11/functools.py:909: UserWarning: zero-centering a sparse array/matrix densifies it.
  return dispatch(args[0].__class__)(*args, **kw)
[bioreport] ## Run 130/162: hvg4000_pcs(20,)_nn(20,)_res0.5_md0.1
/package/python-cbrg/current/3.11.14/lib/python3.11/site-packages/scanpy/preprocessing/_normalization.py:269: UserWarning: Received a view of an AnnData. Making a copy.
  view_to_actual(adata)
/package/python-base/3.11.14/lib/python3.11/functools.py:909: UserWarning: zero-centering a sparse array/matrix densifies it.
  return dispatch(args[0].__class__)(*args, **kw)
[bioreport] ## Run 131/162: hvg4000_pcs(20,)_nn(20,)_res0.5_md0.3
/package/python-cbrg/current/3.11.14/lib/python3.11/site-packages/scanpy/preprocessing/_normalization.py:269: UserWarning: Received a view of an AnnData. Making a copy.
  view_to_actual(adata)
/package/python-base/3.11.14/lib/python3.11/functools.py:909: UserWarning: zero-centering a sparse array/matrix densifies it.
  return dispatch(args[0].__class__)(*args, **kw)
[bioreport] ## Run 132/162: hvg4000_pcs(20,)_nn(20,)_res0.5_md0.5
/package/python-cbrg/current/3.11.14/lib/python3.11/site-packages/scanpy/preprocessing/_normalization.py:269: UserWarning: Received a view of an AnnData. Making a copy.
  view_to_actual(adata)
/package/python-base/3.11.14/lib/python3.11/functools.py:909: UserWarning: zero-centering a sparse array/matrix densifies it.
  return dispatch(args[0].__class__)(*args, **kw)
[bioreport] ## Run 133/162: hvg4000_pcs(20,)_nn(20,)_res1.0_md0.1
/package/python-cbrg/current/3.11.14/lib/python3.11/site-packages/scanpy/preprocessing/_normalization.py:269: UserWarning: Received a view of an AnnData. Making a copy.
  view_to_actual(adata)
/package/python-base/3.11.14/lib/python3.11/functools.py:909: UserWarning: zero-centering a sparse array/matrix densifies it.
  return dispatch(args[0].__class__)(*args, **kw)
[bioreport] ## Run 134/162: hvg4000_pcs(20,)_nn(20,)_res1.0_md0.3
/package/python-cbrg/current/3.11.14/lib/python3.11/site-packages/scanpy/preprocessing/_normalization.py:269: UserWarning: Received a view of an AnnData. Making a copy.
  view_to_actual(adata)
/package/python-base/3.11.14/lib/python3.11/functools.py:909: UserWarning: zero-centering a sparse array/matrix densifies it.
  return dispatch(args[0].__class__)(*args, **kw)
[bioreport] ## Run 135/162: hvg4000_pcs(20,)_nn(20,)_res1.0_md0.5
/package/python-cbrg/current/3.11.14/lib/python3.11/site-packages/scanpy/preprocessing/_normalization.py:269: UserWarning: Received a view of an AnnData. Making a copy.
  view_to_actual(adata)
/package/python-base/3.11.14/lib/python3.11/functools.py:909: UserWarning: zero-centering a sparse array/matrix densifies it.
  return dispatch(args[0].__class__)(*args, **kw)
[bioreport] ## Run 136/162: hvg4000_pcs(30,)_nn(10,)_res0.3_md0.1
/package/python-cbrg/current/3.11.14/lib/python3.11/site-packages/scanpy/preprocessing/_normalization.py:269: UserWarning: Received a view of an AnnData. Making a copy.
  view_to_actual(adata)
/package/python-base/3.11.14/lib/python3.11/functools.py:909: UserWarning: zero-centering a sparse array/matrix densifies it.
  return dispatch(args[0].__class__)(*args, **kw)
[bioreport] ## Run 137/162: hvg4000_pcs(30,)_nn(10,)_res0.3_md0.3
/package/python-cbrg/current/3.11.14/lib/python3.11/site-packages/scanpy/preprocessing/_normalization.py:269: UserWarning: Received a view of an AnnData. Making a copy.
  view_to_actual(adata)
/package/python-base/3.11.14/lib/python3.11/functools.py:909: UserWarning: zero-centering a sparse array/matrix densifies it.
  return dispatch(args[0].__class__)(*args, **kw)
[bioreport] ## Run 138/162: hvg4000_pcs(30,)_nn(10,)_res0.3_md0.5
/package/python-cbrg/current/3.11.14/lib/python3.11/site-packages/scanpy/preprocessing/_normalization.py:269: UserWarning: Received a view of an AnnData. Making a copy.
  view_to_actual(adata)
/package/python-base/3.11.14/lib/python3.11/functools.py:909: UserWarning: zero-centering a sparse array/matrix densifies it.
  return dispatch(args[0].__class__)(*args, **kw)
[bioreport] ## Run 139/162: hvg4000_pcs(30,)_nn(10,)_res0.5_md0.1
/package/python-cbrg/current/3.11.14/lib/python3.11/site-packages/scanpy/preprocessing/_normalization.py:269: UserWarning: Received a view of an AnnData. Making a copy.
  view_to_actual(adata)
/package/python-base/3.11.14/lib/python3.11/functools.py:909: UserWarning: zero-centering a sparse array/matrix densifies it.
  return dispatch(args[0].__class__)(*args, **kw)
[bioreport] ## Run 140/162: hvg4000_pcs(30,)_nn(10,)_res0.5_md0.3
/package/python-cbrg/current/3.11.14/lib/python3.11/site-packages/scanpy/preprocessing/_normalization.py:269: UserWarning: Received a view of an AnnData. Making a copy.
  view_to_actual(adata)
/package/python-base/3.11.14/lib/python3.11/functools.py:909: UserWarning: zero-centering a sparse array/matrix densifies it.
  return dispatch(args[0].__class__)(*args, **kw)
[bioreport] ## Run 141/162: hvg4000_pcs(30,)_nn(10,)_res0.5_md0.5
/package/python-cbrg/current/3.11.14/lib/python3.11/site-packages/scanpy/preprocessing/_normalization.py:269: UserWarning: Received a view of an AnnData. Making a copy.
  view_to_actual(adata)
/package/python-base/3.11.14/lib/python3.11/functools.py:909: UserWarning: zero-centering a sparse array/matrix densifies it.
  return dispatch(args[0].__class__)(*args, **kw)
[bioreport] ## Run 142/162: hvg4000_pcs(30,)_nn(10,)_res1.0_md0.1
/package/python-cbrg/current/3.11.14/lib/python3.11/site-packages/scanpy/preprocessing/_normalization.py:269: UserWarning: Received a view of an AnnData. Making a copy.
  view_to_actual(adata)
/package/python-base/3.11.14/lib/python3.11/functools.py:909: UserWarning: zero-centering a sparse array/matrix densifies it.
  return dispatch(args[0].__class__)(*args, **kw)
[bioreport] ## Run 143/162: hvg4000_pcs(30,)_nn(10,)_res1.0_md0.3
/package/python-cbrg/current/3.11.14/lib/python3.11/site-packages/scanpy/preprocessing/_normalization.py:269: UserWarning: Received a view of an AnnData. Making a copy.
  view_to_actual(adata)
/package/python-base/3.11.14/lib/python3.11/functools.py:909: UserWarning: zero-centering a sparse array/matrix densifies it.
  return dispatch(args[0].__class__)(*args, **kw)
[bioreport] ## Run 144/162: hvg4000_pcs(30,)_nn(10,)_res1.0_md0.5
/package/python-cbrg/current/3.11.14/lib/python3.11/site-packages/scanpy/preprocessing/_normalization.py:269: UserWarning: Received a view of an AnnData. Making a copy.
  view_to_actual(adata)
/package/python-base/3.11.14/lib/python3.11/functools.py:909: UserWarning: zero-centering a sparse array/matrix densifies it.
  return dispatch(args[0].__class__)(*args, **kw)
[bioreport] ## Run 145/162: hvg4000_pcs(30,)_nn(15,)_res0.3_md0.1
/package/python-cbrg/current/3.11.14/lib/python3.11/site-packages/scanpy/preprocessing/_normalization.py:269: UserWarning: Received a view of an AnnData. Making a copy.
  view_to_actual(adata)
/package/python-base/3.11.14/lib/python3.11/functools.py:909: UserWarning: zero-centering a sparse array/matrix densifies it.
  return dispatch(args[0].__class__)(*args, **kw)
[bioreport] ## Run 146/162: hvg4000_pcs(30,)_nn(15,)_res0.3_md0.3
/package/python-cbrg/current/3.11.14/lib/python3.11/site-packages/scanpy/preprocessing/_normalization.py:269: UserWarning: Received a view of an AnnData. Making a copy.
  view_to_actual(adata)
/package/python-base/3.11.14/lib/python3.11/functools.py:909: UserWarning: zero-centering a sparse array/matrix densifies it.
  return dispatch(args[0].__class__)(*args, **kw)
[bioreport] ## Run 147/162: hvg4000_pcs(30,)_nn(15,)_res0.3_md0.5
/package/python-cbrg/current/3.11.14/lib/python3.11/site-packages/scanpy/preprocessing/_normalization.py:269: UserWarning: Received a view of an AnnData. Making a copy.
  view_to_actual(adata)
/package/python-base/3.11.14/lib/python3.11/functools.py:909: UserWarning: zero-centering a sparse array/matrix densifies it.
  return dispatch(args[0].__class__)(*args, **kw)
[bioreport] ## Run 148/162: hvg4000_pcs(30,)_nn(15,)_res0.5_md0.1
/package/python-cbrg/current/3.11.14/lib/python3.11/site-packages/scanpy/preprocessing/_normalization.py:269: UserWarning: Received a view of an AnnData. Making a copy.
  view_to_actual(adata)
/package/python-base/3.11.14/lib/python3.11/functools.py:909: UserWarning: zero-centering a sparse array/matrix densifies it.
  return dispatch(args[0].__class__)(*args, **kw)
[bioreport] ## Run 149/162: hvg4000_pcs(30,)_nn(15,)_res0.5_md0.3
/package/python-cbrg/current/3.11.14/lib/python3.11/site-packages/scanpy/preprocessing/_normalization.py:269: UserWarning: Received a view of an AnnData. Making a copy.
  view_to_actual(adata)
/package/python-base/3.11.14/lib/python3.11/functools.py:909: UserWarning: zero-centering a sparse array/matrix densifies it.
  return dispatch(args[0].__class__)(*args, **kw)
[bioreport] ## Run 150/162: hvg4000_pcs(30,)_nn(15,)_res0.5_md0.5
/package/python-cbrg/current/3.11.14/lib/python3.11/site-packages/scanpy/preprocessing/_normalization.py:269: UserWarning: Received a view of an AnnData. Making a copy.
  view_to_actual(adata)
/package/python-base/3.11.14/lib/python3.11/functools.py:909: UserWarning: zero-centering a sparse array/matrix densifies it.
  return dispatch(args[0].__class__)(*args, **kw)
[bioreport] ## Run 151/162: hvg4000_pcs(30,)_nn(15,)_res1.0_md0.1
/package/python-cbrg/current/3.11.14/lib/python3.11/site-packages/scanpy/preprocessing/_normalization.py:269: UserWarning: Received a view of an AnnData. Making a copy.
  view_to_actual(adata)
/package/python-base/3.11.14/lib/python3.11/functools.py:909: UserWarning: zero-centering a sparse array/matrix densifies it.
  return dispatch(args[0].__class__)(*args, **kw)
[bioreport] ## Run 152/162: hvg4000_pcs(30,)_nn(15,)_res1.0_md0.3
/package/python-cbrg/current/3.11.14/lib/python3.11/site-packages/scanpy/preprocessing/_normalization.py:269: UserWarning: Received a view of an AnnData. Making a copy.
  view_to_actual(adata)
/package/python-base/3.11.14/lib/python3.11/functools.py:909: UserWarning: zero-centering a sparse array/matrix densifies it.
  return dispatch(args[0].__class__)(*args, **kw)
[bioreport] ## Run 153/162: hvg4000_pcs(30,)_nn(15,)_res1.0_md0.5
/package/python-cbrg/current/3.11.14/lib/python3.11/site-packages/scanpy/preprocessing/_normalization.py:269: UserWarning: Received a view of an AnnData. Making a copy.
  view_to_actual(adata)
/package/python-base/3.11.14/lib/python3.11/functools.py:909: UserWarning: zero-centering a sparse array/matrix densifies it.
  return dispatch(args[0].__class__)(*args, **kw)
[bioreport] ## Run 154/162: hvg4000_pcs(30,)_nn(20,)_res0.3_md0.1
/package/python-cbrg/current/3.11.14/lib/python3.11/site-packages/scanpy/preprocessing/_normalization.py:269: UserWarning: Received a view of an AnnData. Making a copy.
  view_to_actual(adata)
/package/python-base/3.11.14/lib/python3.11/functools.py:909: UserWarning: zero-centering a sparse array/matrix densifies it.
  return dispatch(args[0].__class__)(*args, **kw)
[bioreport] ## Run 155/162: hvg4000_pcs(30,)_nn(20,)_res0.3_md0.3
/package/python-cbrg/current/3.11.14/lib/python3.11/site-packages/scanpy/preprocessing/_normalization.py:269: UserWarning: Received a view of an AnnData. Making a copy.
  view_to_actual(adata)
/package/python-base/3.11.14/lib/python3.11/functools.py:909: UserWarning: zero-centering a sparse array/matrix densifies it.
  return dispatch(args[0].__class__)(*args, **kw)
[bioreport] ## Run 156/162: hvg4000_pcs(30,)_nn(20,)_res0.3_md0.5
/package/python-cbrg/current/3.11.14/lib/python3.11/site-packages/scanpy/preprocessing/_normalization.py:269: UserWarning: Received a view of an AnnData. Making a copy.
  view_to_actual(adata)
/package/python-base/3.11.14/lib/python3.11/functools.py:909: UserWarning: zero-centering a sparse array/matrix densifies it.
  return dispatch(args[0].__class__)(*args, **kw)
[bioreport] ## Run 157/162: hvg4000_pcs(30,)_nn(20,)_res0.5_md0.1
/package/python-cbrg/current/3.11.14/lib/python3.11/site-packages/scanpy/preprocessing/_normalization.py:269: UserWarning: Received a view of an AnnData. Making a copy.
  view_to_actual(adata)
/package/python-base/3.11.14/lib/python3.11/functools.py:909: UserWarning: zero-centering a sparse array/matrix densifies it.
  return dispatch(args[0].__class__)(*args, **kw)
[bioreport] ## Run 158/162: hvg4000_pcs(30,)_nn(20,)_res0.5_md0.3
/package/python-cbrg/current/3.11.14/lib/python3.11/site-packages/scanpy/preprocessing/_normalization.py:269: UserWarning: Received a view of an AnnData. Making a copy.
  view_to_actual(adata)
/package/python-base/3.11.14/lib/python3.11/functools.py:909: UserWarning: zero-centering a sparse array/matrix densifies it.
  return dispatch(args[0].__class__)(*args, **kw)
[bioreport] ## Run 159/162: hvg4000_pcs(30,)_nn(20,)_res0.5_md0.5
/package/python-cbrg/current/3.11.14/lib/python3.11/site-packages/scanpy/preprocessing/_normalization.py:269: UserWarning: Received a view of an AnnData. Making a copy.
  view_to_actual(adata)
/package/python-base/3.11.14/lib/python3.11/functools.py:909: UserWarning: zero-centering a sparse array/matrix densifies it.
  return dispatch(args[0].__class__)(*args, **kw)
[bioreport] ## Run 160/162: hvg4000_pcs(30,)_nn(20,)_res1.0_md0.1
/package/python-cbrg/current/3.11.14/lib/python3.11/site-packages/scanpy/preprocessing/_normalization.py:269: UserWarning: Received a view of an AnnData. Making a copy.
  view_to_actual(adata)
/package/python-base/3.11.14/lib/python3.11/functools.py:909: UserWarning: zero-centering a sparse array/matrix densifies it.
  return dispatch(args[0].__class__)(*args, **kw)
[bioreport] ## Run 161/162: hvg4000_pcs(30,)_nn(20,)_res1.0_md0.3
/package/python-cbrg/current/3.11.14/lib/python3.11/site-packages/scanpy/preprocessing/_normalization.py:269: UserWarning: Received a view of an AnnData. Making a copy.
  view_to_actual(adata)
/package/python-base/3.11.14/lib/python3.11/functools.py:909: UserWarning: zero-centering a sparse array/matrix densifies it.
  return dispatch(args[0].__class__)(*args, **kw)
[bioreport] ## Run 162/162: hvg4000_pcs(30,)_nn(20,)_res1.0_md0.5
/package/python-cbrg/current/3.11.14/lib/python3.11/site-packages/scanpy/preprocessing/_normalization.py:269: UserWarning: Received a view of an AnnData. Making a copy.
  view_to_actual(adata)
/package/python-base/3.11.14/lib/python3.11/functools.py:909: UserWarning: zero-centering a sparse array/matrix densifies it.
  return dispatch(args[0].__class__)(*args, **kw)
[bioreport] logged a table: 10 rows x 10 columns
[bioreport] # Parameter iteration summary plots
[bioreport] logged a table: 10 rows x 11 columns
[bioreport] saving figure: parameter_iteration_clusters_vs_dominance.png
[bioreport] saving figure: parameter_iteration_heatmap_clusters.png
[bioreport] saving figure: parameter_iteration_heatmap_smallest_cluster.png
[bioreport] saving figure: parameter_iteration_top_gene_frequency.png
Traceback (most recent call last):
  File "<frozen runpy>", line 198, in _run_module_as_main
  File "<frozen runpy>", line 88, in _run_code
  File "/ceph/project/sharmalab/dnimrich/cd8atlas/code/parameter_iteration/parameter_iteration.py", line 138, in <module>
    pipeline.export()
  File "/ceph/project/sharmalab/dnimrich/cd8atlas/code/pipeline_elements.py", line 381, in export
    bioreport.exportpdf()
  File "/ceph/project/sharmalab/dnimrich/bioreport/src/bioreport/reporter.py", line 393, in exportpdf
    return session.exportpdf(filename=filename)
           ^^^^^^^^^^^^^^^^^^^^^^^^^^^^^^^^^^^^
  File "/ceph/project/sharmalab/dnimrich/bioreport/src/bioreport/reporter.py", line 234, in exportpdf
    _build_pdf(
  File "/ceph/project/sharmalab/dnimrich/bioreport/src/bioreport/reporter.py", line 655, in _build_pdf
    raise RuntimeError(msg) from None
RuntimeError: weasyprint is required for bioreport.exportpdf(). Install it with `pip install weasyprint`.
CBB Profiling started Tue Mar 24 13:02:14 2026
SLURM_JOB_ID		5351703
REQ_CPU_CORES		128
REQ_MEMORY_GB		512.000000
Starting profiling...

                                                                                
                                                                                
                                    CPU (cores)                                 
  140 +---------------------------------------------------------------------+   
      |        +        +       +        +        +        +       +        |   
      |*********************************************************************|   
  120 |-+                                                                 +-|   
      |                                                                     |   
      |                                                                     |   
      |                                                                     |   
  100 |-+                                                                 +-|   
      |                                                                     |   
      |                                                                     |   
   80 |-+                                                                 +-|   
      |                                                                     |   
      |                                                                     |   
   60 |-+                                                                 +-|   
      |                                                                     |   
      |                                                                     |   
   40 |-+                                                                 +-|   
      |                                                                     |   
      |                                                                     |   
      |                                                                     |   
   20 |-+                                                                 +-|   
      |                                                                     |   
      |#####################################################################|   
    0 +---------------------------------------------------------------------+   
      0       500      1000    1500     2000     2500     3000    3500     4000 
                                Job profiling step                              
                                                                                

                                                                                
                                                                                
                                    Memory (GB)                                 
  600 +---------------------------------------------------------------------+   
      |        +        +       +        +        +        +       +        |   
      |                                                                     |   
      |*********************************************************************|   
  500 |-+                                                                 +-|   
      |                                                                     |   
      |                                                                     |   
      |                                                                     |   
  400 |-+                                                                 +-|   
      |                                                                     |   
      |                                                                     |   
  300 |-+                                                                 +-|   
      |                                                                     |   
      |                                                                     |   
      |                                                                     |   
  200 |-+                                                                 +-|   
      |                                                                     |   
      |                                                                     |   
      |                                                                     |   
  100 |-+                                                                 +-|   
      |                                                                     |   
      |                                                                     |   
      |#################################################################### |   
    0 +---------------------------------------------------------------------+   
      0       500      1000    1500     2000     2500     3000    3500     4000 
                                Job profiling step                              
                                                                                

                                                                                
                                                                                
                                  Data read (GB)                                
  0.16 +--------------------------------------------------------------------+   
       |        +       +        +        +       +        +       +   #####|   
       |                                                            ####    |   
  0.14 |-+                                                       ####     +-|   
       |                                                     #####          |   
       |                                                  ####              |   
  0.12 |-+                                            #####               +-|   
       |                                           ####                     |   
       |                                       #####                        |   
   0.1 |-+                                  ####                          +-|   
       |                                 ####                               |   
  0.08 |-+                            ####                                +-|   
       |                          #####                                     |   
       |                       ####                                         |   
  0.06 |-+                  ####                                          +-|   
       |                #####                                               |   
       |             ####                                                   |   
  0.04 |-+        ####                                                    +-|   
       |      #####                                                         |   
       |   ####                                                             |   
  0.02 |####                                                              +-|   
       |#                                                                   |   
       |        +       +        +        +       +        +       +        |   
     0 +--------------------------------------------------------------------+   
       0       500     1000     1500     2000    2500     3000    3500     4000 
                                Job profiling step                              
                                                                                

                                                                                
                                                                                
                                 Data written (GB)                              
  600 +---------------------------------------------------------------------+   
      |        +        +       +        +        +        +       +        |   
      |                                                                #####|   
      |                                                             ####    |   
  500 |-+                                                        ####     +-|   
      |                                                       ####          |   
      |                                                   #####             |   
      |                                                ####                 |   
  400 |-+                                           ####                  +-|   
      |                                          ####                       |   
      |                                       ####                          |   
  300 |-+                                 ####                            +-|   
      |                                 ###                                 |   
      |                             #####                                   |   
      |                         #####                                       |   
  200 |-+                     ###                                         +-|   
      |                   #####                                             |   
      |                ####                                                 |   
      |             ####                                                    |   
  100 |-+        ####                                                     +-|   
      |       ####                                                          |   
      |   ####                                                              |   
      |####    +        +       +        +        +        +       +        |   
    0 +---------------------------------------------------------------------+   
      0       500      1000    1500     2000     2500     3000    3500     4000 
                                Job profiling step                              
                                                                                
