Loading python-cbrg/current
  Loading requirement: python-base/3.11.14
  File "/ceph/project/sharmalab/dnimrich/cd8atlas/code/test_pipeline.py", line 103
    bioreport.log(f "count outliers with MAD > {outlier_var}:" + str(adata.obs["outlier"].value_counts()[True]))
                    ^^^^^^^^^^^^^^^^^^^^^^^^^^^^^^^^^^^^^^^^^^
SyntaxError: invalid syntax
CBB Profiling started Fri Mar 20 04:59:24 2026
SLURM_JOB_ID		5349528
REQ_CPU_CORES		16
REQ_MEMORY_GB		256.000000
Starting profiling...

                                                                                
                                                                                
                                   CPU (cores)                                  
  16 +----------------------------------------------------------------------+   
     |                 +                 +                +                 |   
     |                                                                      |   
  14 |-+                                                                  +-|   
     |                                                                      |   
     |                                                                      |   
  12 |-+                                                                  +-|   
     |                                                                      |   
     |                                                                      |   
  10 |-+                                                                  +-|   
     |                                                                      |   
   8 |-+                                                                  +-|   
     |                                                                      |   
     |                                                                      |   
   6 |-+                                                                  +-|   
     |                                                                      |   
     |                                                                      |   
   4 |-+                                                                  +-|   
     |                                                                      |   
     |                                                                      |   
   2 |-+                                                                  +-|   
     |                                                                      |   
     |                 +                 +                +                 |   
   0 +----------------------------------------------------------------------+   
    -1               -0.5                0               0.5                1   
                               Job profiling step                               
                                                                                

                                                                                
                                                                                
                                    Memory (GB)                                 
  300 +---------------------------------------------------------------------+   
      |                 +                +                 +                |   
      |                                                                     |   
      |                                  *                                  |   
  250 |-+                                                                 +-|   
      |                                                                     |   
      |                                                                     |   
      |                                                                     |   
  200 |-+                                                                 +-|   
      |                                                                     |   
      |                                                                     |   
  150 |-+                                                                 +-|   
      |                                                                     |   
      |                                                                     |   
      |                                                                     |   
  100 |-+                                                                 +-|   
      |                                                                     |   
      |                                                                     |   
      |                                                                     |   
   50 |-+                                                                 +-|   
      |                                                                     |   
      |                                                                     |   
      |                 +                +                 +                |   
    0 +---------------------------------------------------------------------+   
     -1               -0.5               0                0.5               1   
                                Job profiling step                              
                                                                                

                                                                                
                                                                                
                                  Data read (GB)                                
    1 +---------------------------------------------------------------------+   
      |                 +                +                 +                |   
      |                                                                     |   
      |                                                                     |   
      |                                                                     |   
      |                                                                     |   
  0.5 |-+                                                                 +-|   
      |                                                                     |   
      |                                                                     |   
      |                                                                     |   
      |                                                                     |   
    0 |-+                                #                                +-|   
      |                                                                     |   
      |                                                                     |   
      |                                                                     |   
      |                                                                     |   
      |                                                                     |   
 -0.5 |-+                                                                 +-|   
      |                                                                     |   
      |                                                                     |   
      |                                                                     |   
      |                                                                     |   
      |                 +                +                 +                |   
   -1 +---------------------------------------------------------------------+   
     -1               -0.5               0                0.5               1   
                                Job profiling step                              
                                                                                

                                                                                
                                                                                
                                   Data written (GB)                            
    4e-06 +-----------------------------------------------------------------+   
          |                +               #                +               |   
          |                                                                 |   
  3.5e-06 |-+                                                             +-|   
          |                                                                 |   
          |                                                                 |   
    3e-06 |-+                                                             +-|   
          |                                                                 |   
          |                                                                 |   
  2.5e-06 |-+                                                             +-|   
          |                                                                 |   
    2e-06 |-+                                                             +-|   
          |                                                                 |   
          |                                                                 |   
  1.5e-06 |-+                                                             +-|   
          |                                                                 |   
          |                                                                 |   
    1e-06 |-+                                                             +-|   
          |                                                                 |   
          |                                                                 |   
    5e-07 |-+                                                             +-|   
          |                                                                 |   
          |                +               +                +               |   
        0 +-----------------------------------------------------------------+   
         -1              -0.5              0               0.5              1   
                                  Job profiling step                            
                                                                                
slurmstepd-imm-wn7: error: --task-epilog failed status=512
