Loading python-cbrg/current
  Loading requirement: python-base/3.11.14
Loading R-cbrg/current
  Loading requirement: R-base/default hdf5/1.10.7
slurmstepd-imm-wn7: error: *** JOB 5601229 ON imm-wn7 CANCELLED AT 2026-04-21T08:59:45 ***
CBB Profiling started Tue Apr 21 08:59:37 2026
SLURM_JOB_ID		5601229
REQ_CPU_CORES		48
REQ_MEMORY_GB		128.000000
Starting profiling...

                                                                                
                                                                                
                                   CPU (cores)                                  
  50 +----------------------------------------------------------------------+   
     |**********************************************************************|   
  45 |-+                                                                  +-|   
     |                                                                      |   
     |                                                                      |   
  40 |-+                                                                  +-|   
     |                                                                      |   
  35 |-+                                                                  +-|   
     |                                                                      |   
  30 |-+                                                                  +-|   
     |                                                                      |   
  25 |-+                                                                  +-|   
     |                                                                      |   
     |                                                                      |   
  20 |-+                                                                  +-|   
     |                                                                      |   
  15 |-+                                                                  +-|   
     |                                                                      |   
  10 |-+                                                                  +-|   
     |                                                                      |   
     |                                                                      |   
   5 |-+     #######                                                      +-|   
     |  #####  +    ########################################################|   
   0 +----------------------------------------------------------------------+   
     0         1         2         3          4         5         6         7   
                               Job profiling step                               
                                                                                

                                                                                
                                                                                
                                    Memory (GB)                                 
  140 +---------------------------------------------------------------------+   
      |         +         +         +         +         +         +         |   
      |*********************************************************************|   
  120 |-+                                                                 +-|   
      |                                                                     |   
      |                                                                     |   
      |                                                                     |   
  100 |-+                                                                 +-|   
      |                                                                     |   
      |                                                                     |   
   80 |-+                                                                 +-|   
      |                                                                     |   
      |                                                                     |   
   60 |-+                                                                 +-|   
      |                                                                     |   
      |                                                                     |   
   40 |-+                                                                 +-|   
      |                                                                     |   
      |                                                                     |   
      |                                                                     |   
   20 |-+                                                                 +-|   
      |                                                                     |   
      |         +         +         +         +         +         +         |   
    0 +---------------------------------------------------------------------+   
      0         1         2         3         4         5         6         7   
                                Job profiling step                              
                                                                                

                                                                                
                                                                                
                                   Data read (GB)                               
  0.0007 +------------------------------------------------------------------+   
         |         +        +         +        +         +        +         |   
         |         #########################################################|   
  0.0006 |-+       #                                                      +-|   
         |        #                                                         |   
         |        #                                                         |   
         |       #                                                          |   
  0.0005 |-+     #                                                        +-|   
         |      #                                                           |   
         |      #                                                           |   
  0.0004 |-+   #                                                          +-|   
         |     #                                                            |   
         |    #                                                             |   
  0.0003 |-+  #                                                           +-|   
         |   #                                                              |   
         |   #                                                              |   
  0.0002 |-+#                                                             +-|   
         |  #                                                               |   
         | #                                                                |   
         | #                                                                |   
  0.0001 |#+                                                              +-|   
         |#                                                                 |   
         |         +        +         +        +         +        +         |   
       0 +------------------------------------------------------------------+   
         0         1        2         3        4         5        6         7   
                                 Job profiling step                             
                                                                                

                                                                                
                                                                                
                                   Data written (GB)                            
  0.00035 +-----------------------------------------------------------------+   
          |        +         +        +         +        +         +        |   
          |                                                   ##############|   
   0.0003 |-+                                   ##############            +-|   
          |                                    #                            |   
          |                                    #                            |   
          |                                   #                             |   
  0.00025 |-+                                 #                           +-|   
          |                                  #                              |   
          |                                 #                               |   
   0.0002 |-+                               #                             +-|   
          |                                #                                |   
          |                                #                                |   
  0.00015 |-+                             #                               +-|   
          |                               #                                 |   
          |                              #                                  |   
   0.0001 |-+                           #                                 +-|   
          |                             #                                   |   
          |                            #                                    |   
          |                            #                                    |   
    5e-05 |-+           ###############                                   +-|   
          |      #######                                                    |   
          |  ####  +         +        +         +        +         +        |   
        0 +-----------------------------------------------------------------+   
          0        1         2        3         4        5         6        7   
                                  Job profiling step                            
                                                                                
