Loading python-cbrg/current
  Loading requirement: python-base/3.11.14
[bioreport] Starting a report for parameter_iteration at 2026-04-21 02:51:09 in /ceph/project/sharmalab/dnimrich/cd8atlas/output/parameter_iteration
[bioreport] # Loading and preprocessing data
[bioreport] Loading from /ceph/project/sharmalab/dnimrich/cd8atlas/data/subsampled_100000.h5ad
[bioreport] Loaded adata with with shape (100000, 19957)
[bioreport] Initialized `counts` layer from adata.X
[bioreport] ## 1. Quality Control
[bioreport] ### 1.1 Ambient RNA QC
[bioreport] Checking if a cleanup is necessary, flagging cells with less than 1000 counts as potential ambient RNA contamination
[bioreport] No significant RNA contamination detected, skipping cleanup
[bioreport] ### 1.2 Count QC
[bioreport] logged a table: 6 rows x 9 columns
[bioreport] saving figure: qc_before_total_counts_hist.png
[bioreport] saving figure: qc_before_pct_counts_mt_hist.png
[bioreport] saving figure: qc_before_pct_counts_mt_violin.png
[bioreport] saving figure: qc_before_scatter_genes_total_mt.png
[bioreport] Number of count outliers with `MAD > 5`: 1548
[bioreport] Number of mitochondrial outliers with `MAD > 5` or `pct_counts_mt > 8`: 7739
[bioreport] Filtered out outliers: 8902 (8.90%)
[bioreport] Filtering out genes expressed in less than 20 cells
/package/python-cbrg/current/3.11.14/lib/python3.11/site-packages/scanpy/preprocessing/_simple.py:293: ImplicitModificationWarning: Trying to modify attribute `.var` of view, initializing view as actual.
  adata.var["n_cells"] = number
[bioreport] Removed 14368 genes (28.01%)
[bioreport] #### After count QC:
[bioreport] saving figure: qc_after_total_counts_MAD=5.png
[bioreport] saving figure: qc_after_pct_counts_mt_MAD=5.png
[bioreport] saving figure: qc_after_pct_counts_mt_violin_MAD=5.png
[bioreport] saving figure: qc_after_scatter_genes_total_mt_MAD=5.png
[bioreport] ### 1.3 Doublet QC
[bioreport] Running scrublet with expected doublet rate 0.05
Preprocessing...
Simulating doublets...
Embedding transcriptomes using PCA...
Calculating doublet scores...
Automatically set threshold at doublet score = 0.83
Detected doublet rate = 0.0%
Estimated detectable doublet fraction = 1.6%
Overall doublet rate:
	Expected   = 5.0%
	Estimated  = 0.1%
Elapsed time: 206.9 seconds
[bioreport] saving figure: qc_scrublet_histogram.png
[bioreport] There are 2 predicted doublets, applying filter
[bioreport] After doublet step: (91096, 14368) (removed 0.00% cells)
[bioreport] ### 1.4 Gene exclusion
[bioreport] Excluding genes matching the following patterns:
[bioreport] logged a table: 10 rows x 2 columns
[bioreport] Removing 343 genes (2.39%)
[bioreport] Shape after exclusion panel filtering: (91096, 14025)
[bioreport] ## 2. Normalisation
[bioreport] Normalised in reference to total counts
[bioreport] Transformed with log1p
[bioreport] saving figure: normalisation_total_counts_hist.png
[bioreport] saving figure: normalisation_log1p_hist.png
[bioreport] # Hardcoded parameter grid
[bioreport] logged a table: 5 rows x 2 columns
[bioreport] Running 18 clustering evaluations (1 HVG settings x 2 PC settings x 3 neighbor settings x 3 Leiden resolutions)
[bioreport] Rendering 18 UMAP panels for visualization (3 min_dist settings for each clustering graph)
[bioreport] # UMAP summary grid
/package/python-cbrg/current/3.11.14/lib/python3.11/site-packages/scanpy/preprocessing/_normalization.py:269: UserWarning: Received a view of an AnnData. Making a copy.
  view_to_actual(adata)
[bioreport] ## HVG 4000, PCs 20
[bioreport] Columns are n_neighbors = 10, 15, 20. Each panel contains all Leiden resolutions: 0.3, 0.5, 1.0.
/package/python-base/3.11.14/lib/python3.11/functools.py:909: UserWarning: zero-centering a sparse array/matrix densifies it.
  return dispatch(args[0].__class__)(*args, **kw)
2026-04-21 02:56:36.729204: I external/local_xla/xla/tsl/cuda/cudart_stub.cc:31] Could not find cuda drivers on your machine, GPU will not be used.
2026-04-21 02:56:37.972388: I tensorflow/core/platform/cpu_feature_guard.cc:210] This TensorFlow binary is optimized to use available CPU instructions in performance-critical operations.
To enable the following instructions: AVX2 FMA, in other operations, rebuild TensorFlow with the appropriate compiler flags.
/ceph/project/sharmalab/dnimrich/cd8atlas/code/parameter_iteration/parameter_iteration.py:84: FutureWarning: In the future, the default backend for leiden will be igraph instead of leidenalg.

 To achieve the future defaults please pass: flavor="igraph" and n_iterations=2.  directed must also be False to work with igraph's implementation.
  pipeline.sc.tl.leiden(adata_graph, resolution=leiden_resolution, key_added=leiden_key)
[bioreport] ### min_dist = 0.1
[bioreport] saving figure: hvg4000_pcs20_nn10_md0.1_leiden_resolutions.png
[bioreport] saving figure: hvg4000_pcs20_nn15_md0.1_leiden_resolutions.png
[bioreport] saving figure: hvg4000_pcs20_nn20_md0.1_leiden_resolutions.png
[bioreport] ### min_dist = 0.3
[bioreport] saving figure: hvg4000_pcs20_nn10_md0.3_leiden_resolutions.png
[bioreport] saving figure: hvg4000_pcs20_nn15_md0.3_leiden_resolutions.png
[bioreport] saving figure: hvg4000_pcs20_nn20_md0.3_leiden_resolutions.png
[bioreport] ### min_dist = 0.5
[bioreport] saving figure: hvg4000_pcs20_nn10_md0.5_leiden_resolutions.png
[bioreport] saving figure: hvg4000_pcs20_nn15_md0.5_leiden_resolutions.png
[bioreport] saving figure: hvg4000_pcs20_nn20_md0.5_leiden_resolutions.png
[bioreport] ## HVG 4000, PCs 30
[bioreport] Columns are n_neighbors = 10, 15, 20. Each panel contains all Leiden resolutions: 0.3, 0.5, 1.0.
/package/python-base/3.11.14/lib/python3.11/functools.py:909: UserWarning: zero-centering a sparse array/matrix densifies it.
  return dispatch(args[0].__class__)(*args, **kw)
[bioreport] ### min_dist = 0.1
[bioreport] saving figure: hvg4000_pcs30_nn10_md0.1_leiden_resolutions.png
[bioreport] saving figure: hvg4000_pcs30_nn15_md0.1_leiden_resolutions.png
[bioreport] saving figure: hvg4000_pcs30_nn20_md0.1_leiden_resolutions.png
[bioreport] ### min_dist = 0.3
[bioreport] saving figure: hvg4000_pcs30_nn10_md0.3_leiden_resolutions.png
[bioreport] saving figure: hvg4000_pcs30_nn15_md0.3_leiden_resolutions.png
[bioreport] saving figure: hvg4000_pcs30_nn20_md0.3_leiden_resolutions.png
[bioreport] ### min_dist = 0.5
[bioreport] saving figure: hvg4000_pcs30_nn10_md0.5_leiden_resolutions.png
[bioreport] saving figure: hvg4000_pcs30_nn15_md0.5_leiden_resolutions.png
[bioreport] saving figure: hvg4000_pcs30_nn20_md0.5_leiden_resolutions.png
[bioreport] Saving into /ceph/project/sharmalab/dnimrich/cd8atlas/output/parameter_iteration/parameter_iteration_20260421_025109_data/parameter_iteration_summary_statistics.csv
[bioreport] # Summary statistics
[bioreport] These statistics summarize clustering runs only. UMAP `min_dist` is treated as a visualization parameter and is not included in the CSV or summary plots.
[bioreport] Full summary statistics CSV: [parameter_iteration_20260421_025109_data/parameter_iteration_summary_statistics.csv](parameter_iteration_20260421_025109_data/parameter_iteration_summary_statistics.csv)
[bioreport] logged a table: 18 rows x 11 columns
[bioreport] ## Parameter iteration summary plots
[bioreport] saving figure: parameter_iteration_clusters_vs_dominance.png
[bioreport] saving figure: parameter_iteration_heatmap_clusters.png
[bioreport] saving figure: parameter_iteration_heatmap_smallest_cluster.png
[bioreport] saving figure: parameter_iteration_top_gene_frequency.png
Traceback (most recent call last):
  File "<frozen runpy>", line 198, in _run_module_as_main
  File "<frozen runpy>", line 88, in _run_code
  File "/ceph/project/sharmalab/dnimrich/cd8atlas/code/parameter_iteration/parameter_iteration.py", line 188, in <module>
    pipeline.export()
  File "/ceph/project/sharmalab/dnimrich/cd8atlas/code/pipeline_elements.py", line 650, in export
    cells <- read.csv(cells_file, header = FALSE, stringsAsFactors = FALSE)[[1]]
    ^^^^^^^^^^^^^^^^^^^^^
  File "/ceph/project/sharmalab/dnimrich/bioreport/src/bioreport/reporter.py", line 393, in exportpdf
    return session.exportpdf(filename=filename)
           ^^^^^^^^^^^^^^^^^^^^^^^^^^^^^^^^^^^^
  File "/ceph/project/sharmalab/dnimrich/bioreport/src/bioreport/reporter.py", line 234, in exportpdf
    _build_pdf(
  File "/ceph/project/sharmalab/dnimrich/bioreport/src/bioreport/reporter.py", line 655, in _build_pdf
    raise RuntimeError(msg) from None
RuntimeError: weasyprint is required for bioreport.exportpdf(). Install it with `pip install weasyprint`.
CBB Profiling started Tue Apr 21 02:50:50 2026
SLURM_JOB_ID		5601104
REQ_CPU_CORES		64
REQ_MEMORY_GB		256.000000
Starting profiling...

                                                                                
                                                                                
                                   CPU (cores)                                  
  70 +----------------------------------------------------------------------+   
     |           +           +           +          +           +           |   
     |*******************************************************************   |   
  60 |-+                                                                  +-|   
     |                                                                      |   
     |                                                                      |   
     |                                                                      |   
  50 |-+                                                                  +-|   
     |                                                                      |   
     |                                                                      |   
  40 |-+                                                                  +-|   
     |                                                                      |   
     |                                                                      |   
  30 |-+                                                                  +-|   
     |                                                                      |   
     |                                                                      |   
  20 |-+                                                                  +-|   
     |                                                                      |   
     |                                                                      |   
     |                                                                      |   
  10 |-+                                                                  +-|   
     | #                                                                    |   
     |###################################################################   |   
   0 +----------------------------------------------------------------------+   
     0          500         1000        1500       2000        2500        3000 
                               Job profiling step                               
                                                                                

                                                                                
                                                                                
                                    Memory (GB)                                 
  300 +---------------------------------------------------------------------+   
      |           +          +           +           +          +           |   
      |                                                                     |   
      |******************************************************************   |   
  250 |-+                                                                 +-|   
      |                                                                     |   
      |                                                                     |   
      |                                                                     |   
  200 |-+                                                                 +-|   
      |                                                                     |   
      |                                                                     |   
  150 |-+                                                                 +-|   
      |                                                                     |   
      |                                                                     |   
      |                                                                     |   
  100 |-+                                                                 +-|   
      |                                                                     |   
      |                                                                     |   
      |                                                                     |   
   50 |-+                                                                 +-|   
      |                                                                     |   
      |                   ##################    #########################   |   
      |####################  +           + ######    +          +       #   |   
    0 +---------------------------------------------------------------------+   
      0          500        1000        1500        2000       2500        3000 
                                Job profiling step                              
                                                                                

                                                                                
                                                                                
                                    Data read (GB)                              
  0.00016 +-----------------------------------------------------------------+   
          |          +          +          +          +          +          |   
          |                                                                 |   
  0.00014 |-+                       ##################################### +-|   
          |##########################                                       |   
          |                                                                 |   
  0.00012 |-+                                                             +-|   
          |                                                                 |   
          |                                                                 |   
   0.0001 |-+                                                             +-|   
          |                                                                 |   
    8e-05 |-+                                                             +-|   
          |                                                                 |   
          |                                                                 |   
    6e-05 |-+                                                             +-|   
          |                                                                 |   
          |                                                                 |   
    4e-05 |-+                                                             +-|   
          |                                                                 |   
          |                                                                 |   
    2e-05 |-+                                                             +-|   
          |                                                                 |   
          |          +          +          +          +          +          |   
        0 +-----------------------------------------------------------------+   
          0         500        1000       1500       2000       2500       3000 
                                  Job profiling step                            
                                                                                

                                                                                
                                                                                
                                 Data written (GB)                              
  0.06 +--------------------------------------------------------------------+   
       |           +          +           +          +           +      #   |   
       |                                                                #   |   
       |                                                               ##   |   
  0.05 |-+                                                           ##   +-|   
       |                                                            ##      |   
       |                                                           ##       |   
       |                                                          ##        |   
  0.04 |-+                                                       ##       +-|   
       |                                                       ###          |   
       |                                            ############            |   
  0.03 |-+                                 ##########                     +-|   
       |                                  ##                                |   
       |                                  #                                 |   
       |                                 ##                                 |   
  0.02 |-+                              ##                                +-|   
       |                               ##                                   |   
       |                              ##                                    |   
       |                            ###                                     |   
  0.01 |-+                         ##                                     +-|   
       |       #####################                                        |   
       |      ##                                                            |   
       |#######    +          +           +          +           +          |   
     0 +--------------------------------------------------------------------+   
       0          500        1000        1500       2000        2500       3000 
                                Job profiling step                              
                                                                                
