Loading python-cbrg/current
  Loading requirement: python-base/3.11.14
/package/python-cbrg/current/3.11.14/lib/python3.11/site-packages/celltypist/classifier.py:11: FutureWarning: `__version__` is deprecated, use `importlib.metadata.version('scanpy')` instead
  from scanpy import __version__ as scv
2026-03-18 09:22:19.428780: I external/local_xla/xla/tsl/cuda/cudart_stub.cc:31] Could not find cuda drivers on your machine, GPU will not be used.
2026-03-18 09:22:20.755169: I tensorflow/core/platform/cpu_feature_guard.cc:210] This TensorFlow binary is optimized to use available CPU instructions in performance-critical operations.
To enable the following instructions: AVX2 FMA, in other operations, rebuild TensorFlow with the appropriate compiler flags.
Loaded: /ceph/project/sharmalab/dnimrich/cd8atlas/data/huARdb_v2_GEX.CD8.all_genes.h5ad with shape (1125712, 19957)
After subsampling: (100000, 19957)
Total number of cells: 100000
Number of cells after filtering of low quality cells: 90828
Preprocessing...
Simulating doublets...
Embedding transcriptomes using PCA...
Calculating doublet scores...
Automatically set threshold at doublet score = 0.83
Detected doublet rate = 0.0%
Estimated detectable doublet fraction = 1.3%
Overall doublet rate:
	Expected   = 5.0%
	Estimated  = 0.1%
Elapsed time: 186.4 seconds
There are predicted doublets, applying filter
After doublet step: (90827, 19957) (kept 90827/90828 cells)
HVG selected: 4000
CBB Profiling started Wed Mar 18 09:16:13 2026
SLURM_JOB_ID		5335076
REQ_CPU_CORES		16
REQ_MEMORY_GB		48.000000
Starting profiling...

                                                                                
                                                                                
                                   CPU (cores)                                  
  16 +----------------------------------------------------------------------+   
     |           +           +           +          +           +           |   
     |                                                                      |   
  14 |-+                                                                  +-|   
     |                                                                      |   
     |                                                                      |   
  12 |-+                                                                  +-|   
     |                                                                      |   
     |                                                                      |   
  10 |-+                                                                  +-|   
     |                                                                      |   
   8 |-+                                                                  +-|   
     |                                                                      |   
     |                                                                      |   
   6 |-+                                                                  +-|   
     |                                                                      |   
     |                                                                      |   
   4 |-+                                                                  +-|   
     |                                                                      |   
     |                                                                      |   
   2 |-+                                                                  +-|   
     |             ######################################################   |   
     |##############         +           +          +           +           |   
   0 +----------------------------------------------------------------------+   
     0          100         200         300        400         500         600  
                               Job profiling step                               
                                                                                

                                                                                
                                                                                
                                   Memory (GB)                                  
  50 +----------------------------------------------------------------------+   
     |*******************************************************************   |   
  45 |-+                                                                  +-|   
     |                                                                      |   
     |                                                                      |   
  40 |-+                                                                  +-|   
     |                                                                      |   
  35 |-+                                                                  +-|   
     |                                                                      |   
  30 |-+                                                                  +-|   
     |                                                                      |   
  25 |-+                                                                  +-|   
     |                                                                      |   
     |                                                                      |   
  20 |-+                                                                  +-|   
     |                                   ##                                 |   
  15 |-+       #                         ##                               +-|   
     |         # #                #########      ########################   |   
  10 |-+     ## ## #      #########   ### ########                      # +-|   
     |      ##  ###########           ###                               #   |   
     |    ###   ###                                                     #   |   
   5 |-+ ##     ###                                                     # +-|   
     | ###      ##           +           +          +           +       #   |   
   0 +----------------------------------------------------------------------+   
     0          100         200         300        400         500         600  
                               Job profiling step                               
                                                                                

                                                                                
                                                                                
                                   Data read (GB)                               
  0.0006 +------------------------------------------------------------------+   
         |          +          +           +          +          +          |   
         |                                                              #   |   
         |                                                              #   |   
  0.0005 |-+                                                            # +-|   
         |                                                              #   |   
         |                                                              #   |   
         |                                                              #   |   
  0.0004 |-+                                                            # +-|   
         |                                                              #   |   
         |                                                              #   |   
  0.0003 |-+                                                            # +-|   
         |                                                              #   |   
         |                                                              #   |   
         |                                                              #   |   
  0.0002 |-+                                                            # +-|   
         |                                                              #   |   
         |                                                              #   |   
         |                                                              #   |   
  0.0001 |-+                                                            # +-|   
         |                                                              #   |   
         |                                                              #   |   
         |          +          +           +          +          +      #   |   
       0 +------------------------------------------------------------------+   
         0         100        200         300        400        500        600  
                                 Job profiling step                             
                                                                                

                                                                                
                                                                                
                                 Data written (GB)                              
  3.5 +---------------------------------------------------------------------+   
      |           +          +           +           +          +       #   |   
      |                                                                 #   |   
    3 |-+                                                               # +-|   
      |                                                                 #   |   
      |                                                                 #   |   
      |                                                                 #   |   
  2.5 |-+                                                               # +-|   
      |                                                                 #   |   
      |                                                                 #   |   
    2 |-+                                                               # +-|   
      |                                                                 #   |   
      |                                                                 #   |   
  1.5 |-+                                                               # +-|   
      |                                                                 #   |   
      |                                                                 #   |   
    1 |-+                                                               # +-|   
      |                                                                 #   |   
      |                                                                 #   |   
      |                                                                 #   |   
  0.5 |-+                                                               # +-|   
      |                                                                 #   |   
      |           +          +           +           +          +       #   |   
    0 +---------------------------------------------------------------------+   
      0          100        200         300         400        500         600  
                                Job profiling step                              
                                                                                
