Loading python-cbrg/current
  Loading requirement: python-base/3.11.14
/package/python-cbrg/current/3.11.14/lib/python3.11/site-packages/celltypist/classifier.py:11: FutureWarning: `__version__` is deprecated, use `importlib.metadata.version('scanpy')` instead
  from scanpy import __version__ as scv
Traceback (most recent call last):
  File "/ceph/project/sharmalab/dnimrich/cd8atlas/test_pipeline.py", line 26, in <module>
    input_h5ad = data_dir / "huARdb_v2_GEX.CD8.hvg4k.h5ad",
                 ^^^^^^^^
NameError: name 'data_dir' is not defined
CBB Profiling started Tue Mar 10 16:16:11 2026
SLURM_JOB_ID		5232225
REQ_CPU_CORES		16
REQ_MEMORY_GB		48.000000
Starting profiling...

                                                                                
                                                                                
                                   CPU (cores)                                  
  16 +----------------------------------------------------------------------+   
     |      +      +      +      +       +      +      +      +      +      |   
     |                                                                      |   
  14 |-+                                                                  +-|   
     |                                                                      |   
     |                                                                      |   
  12 |-+                                                                  +-|   
     |                                                                      |   
     |                                                                      |   
  10 |-+                                                                  +-|   
     |                                                                      |   
   8 |-+                                                                  +-|   
     |                                                                      |   
     |                                                                      |   
   6 |-+                                                                  +-|   
     |                                                                      |   
     |                                                                      |   
   4 |-+                                                                  +-|   
     |                                                                      |   
     |                                                                      |   
   2 |-+                                                                  +-|   
     |  ###       #######                                                   |   
     |##   ####### +     ##############################################     |   
   0 +----------------------------------------------------------------------+   
     0      2      4      6      8       10     12     14     16     18     20  
                               Job profiling step                               
                                                                                

                                                                                
                                                                                
                                   Memory (GB)                                  
  50 +----------------------------------------------------------------------+   
     |*******************************************************************   |   
  45 |-+                                                                  +-|   
     |                                                                      |   
     |                                                                      |   
  40 |-+                                                                  +-|   
     |                                                                      |   
  35 |-+                                                                  +-|   
     |                                                                      |   
  30 |-+                                                                  +-|   
     |                                                                      |   
  25 |-+                                                                  +-|   
     |                                                                      |   
     |                                                                      |   
  20 |-+                                                                  +-|   
     |                                                                      |   
  15 |-+                                                                  +-|   
     |                                                                      |   
  10 |-+                                                                  +-|   
     |                                                                      |   
     |                                                                      |   
   5 |-+                                                                  +-|   
     |      +      +      +      +       +      +      +      +      +      |   
   0 +----------------------------------------------------------------------+   
     0      2      4      6      8       10     12     14     16     18     20  
                               Job profiling step                               
                                                                                

                                                                                
                                                                                
                                    Data read (GB)                              
    3e-05 +-----------------------------------------------------------------+   
          |      +     +      +     +      +      +     +      +     +      |   
          |                                                                 |   
          |  #########################################################      |   
  2.5e-05 |-+#                                                       #    +-|   
          |  #                                                       #      |   
          |  #                                                        #     |   
          | #                                                         #     |   
    2e-05 |-#                                                         #   +-|   
          | #                                                         #     |   
          | #                                                         #     |   
  1.5e-05 |-#                                                          #  +-|   
          | #                                                          #    |   
          | #                                                          #    |   
          |#                                                           #    |   
    1e-05 |#+                                                          #  +-|   
          |#                                                            #   |   
          |#                                                            #   |   
          |#                                                            #   |   
    5e-06 |#+                                                           # +-|   
          |                                                             #   |   
          |                                                              #  |   
          |      +     +      +     +      +      +     +      +     +   #  |   
        0 +-----------------------------------------------------------------+   
          0      2     4      6     8      10     12    14     16    18     20  
                                  Job profiling step                            
                                                                                

                                                                                
                                                                                
                                   Data written (GB)                            
  4.5e-05 +-----------------------------------------------------------------+   
          |      +     +      +     +      +      +     +      +     +      |   
          |      #########################################################  |   
    4e-05 |-+   #                                                         +-|   
          |     #                                                           |   
  3.5e-05 |-+  #                                                          +-|   
          |    #                                                            |   
          |   #                                                             |   
    3e-05 |-+ #                                                           +-|   
          |  #                                                              |   
  2.5e-05 |-+#                                                            +-|   
          |  #                                                              |   
          | #                                                               |   
    2e-05 |-#                                                             +-|   
          | #                                                               |   
  1.5e-05 |-#                                                             +-|   
          |#                                                                |   
          |#                                                                |   
    1e-05 |#+                                                             +-|   
          |#                                                                |   
    5e-06 |-+                                                             +-|   
          |                                                                 |   
          |      +     +      +     +      +      +     +      +     +      |   
        0 +-----------------------------------------------------------------+   
          0      2     4      6     8      10     12    14     16    18     20  
                                  Job profiling step                            
                                                                                
