Loading python-cbrg/current
  Loading requirement: python-base/3.11.14
[bioreport] Starting a report for test_pipeline at 2026-03-20 04:49:42 in /ceph/project/sharmalab/dnimrich/cd8atlas/output/test_pipeline
[bioreport] Loading from /ceph/project/sharmalab/dnimrich/cd8atlas/data/subsampled_100000.h5ad
[bioreport] Loaded subsampled data with shape (100000, 19957)
[bioreport] ## Quality Control
[bioreport] ### Ambient RNA QC
[bioreport] Checking if a cleanup is necessary, flagging cells with less than 1000 counts as potential ambient RNA contamination
[bioreport] No significant RNA contamination detected, skipping cleanup
[bioreport] ### Count QC
[bioreport] logged a table: 6 rows x 9 columns
[bioreport] count outliers with MAD:1548
[bioreport] mitochondrial outliers with MAD:8020
[bioreport] saving figure: qc_before_total_counts_hist.png
[bioreport] saving figure: qc_before_pct_counts_mt_hist.png
[bioreport] saving figure: qc_before_pct_counts_mt_violin.png
[bioreport] saving figure: qc_before_scatter_genes_total_mt.png
[bioreport] Size of matrix before count filtering: (100000, 19957)
[bioreport] Size of matrix after count filtering: (90828, 19832) (removed 9.17% cells)
[bioreport] Filtering out genes expressed in less than 20 cells
/package/python-cbrg/current/3.11.14/lib/python3.11/site-packages/scanpy/preprocessing/_simple.py:293: ImplicitModificationWarning: Trying to modify attribute `.var` of view, initializing view as actual.
  adata.var["n_cells"] = number
[bioreport] Removed 14250 cells (28.15%)
[bioreport] #### After count QC:
[bioreport] saving figure: qc_after_total_counts_hist.png
[bioreport] saving figure: qc_after_pct_counts_mt_hist.png
[bioreport] saving figure: qc_after_pct_counts_mt_violin.png
[bioreport] saving figure: qc_after_scatter_genes_total_mt.png
[bioreport] ## Normalisation
[bioreport] Normalised in reference to total counts
[bioreport] Transformed with log1p
[bioreport] saving figure: normalisation_total_counts_hist.png
[bioreport] saving figure: normalisation_log1p_hist.png
[bioreport] Saving into /ceph/project/sharmalab/dnimrich/cd8atlas/output/test_pipeline/test_pipeline_20260320_044942_data/qc+normalised.h5ad
[bioreport] Saved adata of shape (90828, 14250)
[bioreport] ## Feature selection
[bioreport] ### Gene exclusion
[bioreport] Excluding genes matching the following patterns:
[bioreport] logged a table: 10 rows x 2 columns
[bioreport] Removing 285 genes (2.00%)
[bioreport] Shape after exclusion panel filtering: (90828, 13965)
[bioreport] ### Highly Variable Gene selection
[bioreport] HVG selected: 4000
[bioreport] saving figure: hvg_before.png
[bioreport] saving figure: hvg_after.png
[bioreport] ### Top 20 expressed genes after selection:
/package/python-cbrg/current/3.11.14/lib/python3.11/site-packages/scanpy/preprocessing/_normalization.py:269: UserWarning: Received a view of an AnnData. Making a copy.
  view_to_actual(adata)
[bioreport] saving figure: top20_expr_genes.png
[bioreport] ## Dimension reduction
[bioreport] ### Principal component analysis (PCA)
/package/python-base/3.11.14/lib/python3.11/functools.py:909: UserWarning: zero-centering a sparse array/matrix densifies it.
  return dispatch(args[0].__class__)(*args, **kw)
[bioreport] Scaled data with max variance cutoff 10
[bioreport] Calculated PCA with 30 components
[bioreport] saving figure: pca_variance_ratio.png
[bioreport] saving figure: pca_scatter.png
[bioreport] ## Clustering
2026-03-20 04:51:39.354097: I external/local_xla/xla/tsl/cuda/cudart_stub.cc:31] Could not find cuda drivers on your machine, GPU will not be used.
2026-03-20 04:51:40.792148: I tensorflow/core/platform/cpu_feature_guard.cc:210] This TensorFlow binary is optimized to use available CPU instructions in performance-critical operations.
To enable the following instructions: AVX2 FMA, in other operations, rebuild TensorFlow with the appropriate compiler flags.
[bioreport] Calculated nearest 15 neighbours
[bioreport] Calculated UMAP with min_dist 0.3 and spread 1.0
/ceph/project/sharmalab/dnimrich/cd8atlas/code/test_pipeline.py:336: FutureWarning: In the future, the default backend for leiden will be igraph instead of leidenalg.

 To achieve the future defaults please pass: flavor="igraph" and n_iterations=2.  directed must also be False to work with igraph's implementation.
  leiden_key = "leiden_res_0.5"
[bioreport] Detected clusters with leiden at resolution 0.5
[bioreport] saving figure: umap_clustering_overview.png
[bioreport] Saving into /ceph/project/sharmalab/dnimrich/cd8atlas/output/test_pipeline/test_pipeline_20260320_044942_data/adata_processed.h5ad
[bioreport] Saved processed adata with shape (90828, 4000)
[bioreport] exported pdf into: test_pipeline_20260320_044942_report.pdf
CBB Profiling started Fri Mar 20 04:49:36 2026
SLURM_JOB_ID		5349527
REQ_CPU_CORES		16
REQ_MEMORY_GB		256.000000
Starting profiling...

                                                                                
                                                                                
                                   CPU (cores)                                  
  16 +----------------------------------------------------------------------+   
     |           +           +           +          +           +           |   
     |                                                                      |   
  14 |-+                                                                  +-|   
     |                                                                      |   
     |                                                                      |   
  12 |-+                                                                  +-|   
     |                                                                      |   
     |                                                                      |   
  10 |-+                                                                  +-|   
     |                                                                      |   
   8 |-+                                                                  +-|   
     |                                                                      |   
     |                                                                      |   
   6 |-+                                                                  +-|   
     |                                                                      |   
     |                                                                      |   
   4 |-+                                                                  +-|   
     |              ####                                                    |   
     |              #  ##########                                           |   
   2 |#+           #             ######################################   +-|   
     |## ###########                                                  ######|   
     |  ##       +           +           +          +           +          #|   
   0 +----------------------------------------------------------------------+   
     0           50         100         150        200         250         300  
                               Job profiling step                               
                                                                                

                                                                                
                                                                                
                                    Memory (GB)                                 
  300 +---------------------------------------------------------------------+   
      |           +          +           +           +          +           |   
      |                                                                     |   
      |*********************************************************************|   
  250 |-+                                                                 +-|   
      |                                                                     |   
      |                                                                     |   
      |                                                                     |   
  200 |-+                                                                 +-|   
      |                                                                     |   
      |                                                                     |   
  150 |-+                                                                 +-|   
      |                                                                     |   
      |                                                                     |   
      |                                                                     |   
  100 |-+                                                                 +-|   
      |                                                                     |   
      |                                                                     |   
      |                                                                     |   
   50 |-+                                                                 +-|   
      |                                                                     |   
      |                                                                     |   
      |        ########      +           +           +          +           |   
    0 +---------------------------------------------------------------------+   
      0           50        100         150         200        250         300  
                                Job profiling step                              
                                                                                

                                                                                
                                                                                
                                   Data read (GB)                               
  0.009 +-------------------------------------------------------------------+   
        |          +           +          +          +           +          |   
        |                                                                ###|   
  0.008 |-+                                                              #+#|   
        |                                                                # #|   
  0.007 |-+                                                              #+#|   
        |                                                                # #|   
        |                                                                # #|   
  0.006 |-+                                                             ##+#|   
        |                                                               #  #|   
  0.005 |-+                                                             # +#|   
        |                                                               #  #|   
        |                                                               #  #|   
  0.004 |-+                                                             # +#|   
        |                                                               #  #|   
  0.003 |-+                                                             # +#|   
        |                                                               #  #|   
        |                                                               #  #|   
  0.002 |-+                                                             # +#|   
        |                                                               #  #|   
  0.001 |-+                                                            #  +#|   
        |       ########################################################   #|   
        |       #  +           +          +          +           +         #|   
      0 +-------------------------------------------------------------------+   
        0          50         100        150        200         250        300  
                                 Job profiling step                             
                                                                                

                                                                                
                                                                                
                                Data written (GB)                               
  8 +-----------------------------------------------------------------------+   
    |           +           +           +           +           +           |   
    |                                                                  #####|   
  7 |-+                                                                #  +#|   
    |                                                                  #   #|   
    |                                                                  #   #|   
  6 |-+                                                                #  +#|   
    |                                                                  #   #|   
    |                                                                  #   #|   
  5 |-+                                                                #  +#|   
    |                                                                 #    #|   
  4 |-+                                                               #   +#|   
    |        ##########################################################    #|   
    |        #                                                             #|   
  3 |-+     #                                                             +#|   
    |       #                                                              #|   
    |       #                                                              #|   
  2 |-+     #                                                             +#|   
    |       #                                                              #|   
    |       #                                                              #|   
  1 |-+     #                                                             +#|   
    |       #                                                              #|   
    |       #   +           +           +           +           +          #|   
  0 +-----------------------------------------------------------------------+   
    0           50         100         150         200         250         300  
                               Job profiling step                               
                                                                                
