Loading python-cbrg/current
  Loading requirement: python-base/3.11.14
[bioreport] Starting a report for test_pipeline at 2026-03-20 04:44:01 in /ceph/project/sharmalab/dnimrich/cd8atlas/output/test_pipeline
[bioreport] Loading from /ceph/project/sharmalab/dnimrich/cd8atlas/data/huARdb_v2_GEX.CD8.all_genes.h5ad
[bioreport] Loaded adata with with shape (1125712, 19957)
[bioreport] Subsampled into: (100000, 19957)
[bioreport] Saving into /ceph/project/sharmalab/dnimrich/cd8atlas/data/subsampled_100000.h5ad
[bioreport] ## Quality Control
[bioreport] ### Ambient RNA QC
[bioreport] Checking if a cleanup is necessary, flagging cells with less than 1000 counts as potential ambient RNA contamination
[bioreport] No significant RNA contamination detected, skipping cleanup
[bioreport] ### Count QC
[bioreport] logged a table: 6 rows x 9 columns
[bioreport] count outliers with MAD:17798
[bioreport] mitochondrial outliers with MAD:89879
[bioreport] saving figure: qc_before_total_counts_hist.png
[bioreport] saving figure: qc_before_pct_counts_mt_hist.png
[bioreport] saving figure: qc_before_pct_counts_mt_violin.png
[bioreport] saving figure: qc_before_scatter_genes_total_mt.png
[bioreport] Size of matrix before count filtering: (1125712, 19957)
[bioreport] Size of matrix after count filtering: (1022355, 19832) (removed 9.18% cells)
/var/spool/slurmd/job5349526/slurm_script: line 24: 1016429 Killed                  python /ceph/project/sharmalab/dnimrich/cd8atlas/code/test_pipeline.py
CBB Profiling started Fri Mar 20 04:43:55 2026
SLURM_JOB_ID		5349526
REQ_CPU_CORES		16
REQ_MEMORY_GB		48.000000
Starting profiling...

                                                                                
                                                                                
                                   CPU (cores)                                  
  16 +----------------------------------------------------------------------+   
     |           +           +           +          +           +           |   
     |                                                                      |   
  14 |-+                                                                  +-|   
     |                                                                      |   
     |                                                                      |   
  12 |-+                                                                  +-|   
     |                                                                      |   
     |                                                                      |   
  10 |-+                                                                  +-|   
     |                                                                      |   
   8 |-+                                                                  +-|   
     |                                                                      |   
     |                                                                      |   
   6 |-+                                                                  +-|   
     |                                                                      |   
     |                                                                      |   
   4 |-+                                                                  +-|   
     |                                                                      |   
     |                                                                      |   
   2 |-+              #####                                               +-|   
     |################     ###############################################  |   
     |#          +           +           +          +           +         # |   
   0 +----------------------------------------------------------------------+   
     0           20          40          60         80         100         120  
                               Job profiling step                               
                                                                                

                                                                                
                                                                                
                                   Memory (GB)                                  
  50 +----------------------------------------------------------------------+   
     |*********************************************#******#**************#* |   
  45 |-+                                           #    ###              #+-|   
     |                                           ###    # #             ##  |   
     |                                           # #   #  #             ##  |   
  40 |-+                                        #  #  #   #            # #+-|   
     |                         ##              ##   ##    ############## #  |   
  35 |-+                       ##              #    #                    #+-|   
     |                        # #             #     #                    #  |   
  30 |-+                      # #             #     #                    #+-|   
     |                        # #             #     #                    #  |   
  25 |-+           ############ ###############                          #+-|   
     |             #                                                      # |   
     |            #                                                       # |   
  20 |-+          #                                                       #-|   
     |           #                                                        # |   
  15 |-+         #                                                        #-|   
     |        ####                                                        # |   
  10 |-+      #                                                           #-|   
     |       #                                                            # |   
     |      #                                                             # |   
   5 |-+   #                                                              #-|   
     |    #      +           +           +          +           +         # |   
   0 +----------------------------------------------------------------------+   
     0           20          40          60         80         100         120  
                               Job profiling step                               
                                                                                

                                                                                
                                                                                
                                   Data read (GB)                               
  0.0009 +------------------------------------------------------------------+   
         |          +          +           +          +          +          |   
         |          ######################################################  |   
  0.0008 |-+        #                                                    #+-|   
         |          #                                                    #  |   
  0.0007 |-+        #                                                    #+-|   
         |          #                                                    #  |   
         |          #                                                    #  |   
  0.0006 |-+        #                                                    #+-|   
         |          #                                                    #  |   
  0.0005 |-+        #                                                    #+-|   
         |          #                                                    #  |   
         |          #                                                     # |   
  0.0004 |-+        #                                                     #-|   
         |          #                                                     # |   
  0.0003 |-+        #                                                     #-|   
         |          #                                                     # |   
         |          #                                                     # |   
  0.0002 |-+        #                                                     #-|   
         |          #                                                     # |   
  0.0001 |-+        #                                                     #-|   
         |          #                                                     # |   
         |          #          +           +          +          +        # |   
       0 +------------------------------------------------------------------+   
         0          20         40          60         80        100        120  
                                 Job profiling step                             
                                                                                

                                                                                
                                                                                
                                 Data written (GB)                              
  1.2 +---------------------------------------------------------------------+   
      |           +          +           +           +          +           |   
      |           ########################################################  |   
      |           #                                                      #  |   
    1 |-+        #                                                       #+-|   
      |          #                                                       #  |   
      |          #                                                       #  |   
      |          #                                                       #  |   
  0.8 |-+        #                                                       #+-|   
      |          #                                                       #  |   
      |          #                                                       #  |   
  0.6 |-+        #                                                       #+-|   
      |          #                                                       #  |   
      |          #                                                        # |   
      |          #                                                        # |   
  0.4 |-+        #                                                        #-|   
      |          #                                                        # |   
      |          #                                                        # |   
      |          #                                                        # |   
  0.2 |-+        #                                                        #-|   
      |          #                                                        # |   
      |          #                                                        # |   
      |         # +          +           +           +          +         # |   
    0 +---------------------------------------------------------------------+   
      0           20         40          60          80        100         120  
                                Job profiling step                              
                                                                                
slurmstepd-imm-wn7: error: Detected 1 oom-kill event(s) in StepId=5349526.batch. Some of your processes may have been killed by the cgroup out-of-memory handler.
