Loading python-cbrg/current
  Loading requirement: python-base/3.11.14
Loading R-cbrg/current
  Loading requirement: R-base/default hdf5/1.10.7
slurmstepd-imm-wn7: error: *** JOB 5601223 ON imm-wn7 CANCELLED AT 2026-04-21T07:15:29 ***
CBB Profiling started Tue Apr 21 07:15:11 2026
SLURM_JOB_ID		5601223
REQ_CPU_CORES		48
REQ_MEMORY_GB		128.000000
Starting profiling...

                                                                                
                                                                                
                                   CPU (cores)                                  
  50 +----------------------------------------------------------------------+   
     |*******************************************************************   |   
  45 |-+                                                                  +-|   
     |                                                                      |   
     |                                                                      |   
  40 |-+                                                                  +-|   
     |                                                                      |   
  35 |-+                                                                  +-|   
     |                                                                      |   
  30 |-+                                                                  +-|   
     |                                                                      |   
  25 |-+                                                                  +-|   
     |                                                                      |   
     |                                                                      |   
  20 |-+                                                                  +-|   
     |                                                                      |   
  15 |-+                                                                  +-|   
     |                                                                      |   
  10 |-+                                                                  +-|   
     |                                                                      |   
     |   ##                                                                 |   
   5 |-##  ####                                                           +-|   
     |#      + ##########################################################   |   
   0 +----------------------------------------------------------------------+   
     0       2       4       6       8      10      12      14      16      18  
                               Job profiling step                               
                                                                                

                                                                                
                                                                                
                                    Memory (GB)                                 
  140 +---------------------------------------------------------------------+   
      |       +       +      +       +       +       +      +       +       |   
      |******************************************************************   |   
  120 |-+                                                                 +-|   
      |                                                                     |   
      |                                                                     |   
      |                                                                     |   
  100 |-+                                                                 +-|   
      |                                                                     |   
      |                                                                     |   
   80 |-+                                                                 +-|   
      |                                                                     |   
      |                                                                     |   
   60 |-+                                                                 +-|   
      |                                                                     |   
      |                                                                     |   
   40 |-+                                                                 +-|   
      |                                                                     |   
      |                                                                     |   
      |                                                                     |   
   20 |-+                                                                 +-|   
      |                                                                     |   
      |       +       +      +       +       +       +      +       +       |   
    0 +---------------------------------------------------------------------+   
      0       2       4      6       8       10      12     14      16      18  
                                Job profiling step                              
                                                                                

                                                                                
                                                                                
                                  Data read (GB)                                
    1 +---------------------------------------------------------------------+   
      |       +       +      +       +       +       +      +       +       |   
      |                                                                     |   
      |                                                                     |   
      |                                                                     |   
      |                                                                     |   
  0.5 |-+                                                                 +-|   
      |                                                                     |   
      |                                                                     |   
      |                                                                     |   
      |                                                                     |   
    0 |################################################################## +-|   
      |                                                                     |   
      |                                                                     |   
      |                                                                     |   
      |                                                                     |   
      |                                                                     |   
 -0.5 |-+                                                                 +-|   
      |                                                                     |   
      |                                                                     |   
      |                                                                     |   
      |                                                                     |   
      |       +       +      +       +       +       +      +       +       |   
   -1 +---------------------------------------------------------------------+   
      0       2       4      6       8       10      12     14      16      18  
                                Job profiling step                              
                                                                                

                                                                                
                                                                                
                                   Data written (GB)                            
  0.00035 +-----------------------------------------------------------------+   
          |      +       +      +      +       +    #####################   |   
          |                   ######################                        |   
   0.0003 |-+            #####                                            +-|   
          |              #                                                  |   
          |              #                                                  |   
          |             #                                                   |   
  0.00025 |-+           #                                                 +-|   
          |             #                                                   |   
          |             #                                                   |   
   0.0002 |-+          #                                                  +-|   
          |            #                                                    |   
          |            #                                                    |   
  0.00015 |-+          #                                                  +-|   
          |           #                                                     |   
          |           #                                                     |   
   0.0001 |-+         #                                                   +-|   
          |           #                                                     |   
          |          #                                                      |   
          |          #                                                      |   
    5e-05 |-+   ######                                                    +-|   
          |  ###                                                            |   
          |##    +       +      +      +       +      +      +       +      |   
        0 +-----------------------------------------------------------------+   
          0      2       4      6      8       10     12     14      16     18  
                                  Job profiling step                            
                                                                                
