Loading python-cbrg/current
  Loading requirement: python-base/3.11.14
Loading R-cbrg/current
  Loading requirement: R-base/default hdf5/1.10.7
slurmstepd-imm-wn1: error: *** JOB 5601211 ON imm-wn1 CANCELLED AT 2026-04-21T05:39:45 ***
CBB Profiling started Tue Apr 21 05:39:38 2026
SLURM_JOB_ID		5601211
REQ_CPU_CORES		32
REQ_MEMORY_GB		256.000000
Starting profiling...

                                                                                
                                                                                
                                   CPU (cores)                                  
  35 +----------------------------------------------------------------------+   
     |         +         +         +          +         +         +         |   
     |**********************************************************************|   
  30 |-+                                                                  +-|   
     |                                                                      |   
     |                                                                      |   
     |                                                                      |   
  25 |-+                                                                  +-|   
     |                                                                      |   
     |                                                                      |   
  20 |-+                                                                  +-|   
     |                                                                      |   
     |                                                                      |   
  15 |-+                                                                  +-|   
     |                                                                      |   
     |                                                                      |   
  10 |-+                                                                  +-|   
     |                                                                      |   
     |                                                                      |   
     |                                                                      |   
   5 |-+                                                                  +-|   
     |       #######                                                        |   
     |  #####  +    ########################################################|   
   0 +----------------------------------------------------------------------+   
     0         1         2         3          4         5         6         7   
                               Job profiling step                               
                                                                                

                                                                                
                                                                                
                                    Memory (GB)                                 
  300 +---------------------------------------------------------------------+   
      |         +         +         +         +         +         +         |   
      |                                                                     |   
      |*********************************************************************|   
  250 |-+                                                                 +-|   
      |                                                                     |   
      |                                                                     |   
      |                                                                     |   
  200 |-+                                                                 +-|   
      |                                                                     |   
      |                                                                     |   
  150 |-+                                                                 +-|   
      |                                                                     |   
      |                                                                     |   
      |                                                                     |   
  100 |-+                                                                 +-|   
      |                                                                     |   
      |                                                                     |   
      |                                                                     |   
   50 |-+                                                                 +-|   
      |                                                                     |   
      |                                                                     |   
      |         +         +         +         +         +         +         |   
    0 +---------------------------------------------------------------------+   
      0         1         2         3         4         5         6         7   
                                Job profiling step                              
                                                                                

                                                                                
                                                                                
                                    Data read (GB)                              
    4e-06 +-----------------------------------------------------------------+   
          |        +         +        +         +        +         #########|   
          |                                                        #        |   
  3.5e-06 |-+                                                     #       +-|   
          |                                                       #         |   
          |                                                      #          |   
    3e-06 |-+                                                    #        +-|   
          |                                                     #           |   
          |                                                     #           |   
  2.5e-06 |-+                                                  #          +-|   
          |                                                    #            |   
    2e-06 |-+                                                 #           +-|   
          |                                                   #             |   
          |                                                   #             |   
  1.5e-06 |-+                                                #            +-|   
          |                                                  #              |   
          |                                                 #               |   
    1e-06 |-+                                               #             +-|   
          |                                                #                |   
          |                                                #                |   
    5e-07 |-+                                             #               +-|   
          |                                               #                 |   
          |        +         +        +         +        #         +        |   
        0 +-----------------------------------------------------------------+   
          0        1         2        3         4        5         6        7   
                                  Job profiling step                            
                                                                                

                                                                                
                                                                                
                                   Data written (GB)                            
    5e-05 +-----------------------------------------------------------------+   
          |        +         +        +         +        +         +        |   
  4.5e-05 |-+                #######################################      +-|   
          |                ##                                       #       |   
          |               #                                          ##     |   
    4e-05 |-+           ##                                             #  +-|   
          |            #                                                #   |   
  3.5e-05 |-+         #                                                  ##-|   
          |         ##                                                     #|   
    3e-05 |-+      #                                                      +-|   
          |       #                                                         |   
  2.5e-05 |-+     #                                                       +-|   
          |      #                                                          |   
          |     #                                                           |   
    2e-05 |-+  #                                                          +-|   
          |    #                                                            |   
  1.5e-05 |-+ #                                                           +-|   
          |  #                                                              |   
    1e-05 |-#                                                             +-|   
          | #                                                               |   
          |#                                                                |   
    5e-06 |-+                                                             +-|   
          |        +         +        +         +        +         +        |   
        0 +-----------------------------------------------------------------+   
          0        1         2        3         4        5         6        7   
                                  Job profiling step                            
                                                                                
