Loading python-cbrg/current
  Loading requirement: python-base/3.11.14
python: can't open file '/ceph/project/sharmalab/dnimrich/cd8atlas/test_pipeline.py': [Errno 2] No such file or directory
CBB Profiling started Wed Mar 18 09:15:04 2026
SLURM_JOB_ID		5335075
REQ_CPU_CORES		16
REQ_MEMORY_GB		48.000000
Starting profiling...

                                                                                
                                                                                
                                   CPU (cores)                                  
  16 +----------------------------------------------------------------------+   
     |                 +                 +                +                 |   
     |                                                                      |   
  14 |-+                                                                  +-|   
     |                                                                      |   
     |                                                                      |   
  12 |-+                                                                  +-|   
     |                                                                      |   
     |                                                                      |   
  10 |-+                                                                  +-|   
     |                                                                      |   
   8 |-+                                                                  +-|   
     |                                                                      |   
     |                                                                      |   
   6 |-+                                                                  +-|   
     |                                                                      |   
     |                                                                      |   
   4 |-+                                                                  +-|   
     |                                                                      |   
     |                                                                      |   
   2 |-+                                                                  +-|   
     |                                                                      |   
     |                 +                 +                +                 |   
   0 +----------------------------------------------------------------------+   
    -1               -0.5                0               0.5                1   
                               Job profiling step                               
                                                                                

                                                                                
                                                                                
                                   Memory (GB)                                  
  50 +----------------------------------------------------------------------+   
     |                 +                 *                +                 |   
  45 |-+                                                                  +-|   
     |                                                                      |   
     |                                                                      |   
  40 |-+                                                                  +-|   
     |                                                                      |   
  35 |-+                                                                  +-|   
     |                                                                      |   
  30 |-+                                                                  +-|   
     |                                                                      |   
  25 |-+                                                                  +-|   
     |                                                                      |   
     |                                                                      |   
  20 |-+                                                                  +-|   
     |                                                                      |   
  15 |-+                                                                  +-|   
     |                                                                      |   
  10 |-+                                                                  +-|   
     |                                                                      |   
     |                                                                      |   
   5 |-+                                                                  +-|   
     |                 +                 +                +                 |   
   0 +----------------------------------------------------------------------+   
    -1               -0.5                0               0.5                1   
                               Job profiling step                               
                                                                                

                                                                                
                                                                                
                                  Data read (GB)                                
    1 +---------------------------------------------------------------------+   
      |                 +                +                 +                |   
      |                                                                     |   
      |                                                                     |   
      |                                                                     |   
      |                                                                     |   
  0.5 |-+                                                                 +-|   
      |                                                                     |   
      |                                                                     |   
      |                                                                     |   
      |                                                                     |   
    0 |-+                                #                                +-|   
      |                                                                     |   
      |                                                                     |   
      |                                                                     |   
      |                                                                     |   
      |                                                                     |   
 -0.5 |-+                                                                 +-|   
      |                                                                     |   
      |                                                                     |   
      |                                                                     |   
      |                                                                     |   
      |                 +                +                 +                |   
   -1 +---------------------------------------------------------------------+   
     -1               -0.5               0                0.5               1   
                                Job profiling step                              
                                                                                

                                                                                
                                                                                
                                 Data written (GB)                              
    1 +---------------------------------------------------------------------+   
      |                 +                +                 +                |   
      |                                                                     |   
      |                                                                     |   
      |                                                                     |   
      |                                                                     |   
  0.5 |-+                                                                 +-|   
      |                                                                     |   
      |                                                                     |   
      |                                                                     |   
      |                                                                     |   
    0 |-+                                #                                +-|   
      |                                                                     |   
      |                                                                     |   
      |                                                                     |   
      |                                                                     |   
      |                                                                     |   
 -0.5 |-+                                                                 +-|   
      |                                                                     |   
      |                                                                     |   
      |                                                                     |   
      |                                                                     |   
      |                 +                +                 +                |   
   -1 +---------------------------------------------------------------------+   
     -1               -0.5               0                0.5               1   
                                Job profiling step                              
                                                                                
