Loading python-cbrg/current
  Loading requirement: python-base/3.11.14
Loading R-cbrg/current
  Loading requirement: R-base/default hdf5/1.10.7
[bioreport] Starting a report for inhibitory_receptors at 2026-04-21 06:16:14 in /ceph/project/sharmalab/dnimrich/cd8atlas/output/inhibitory_receptors
[bioreport] Loading from /ceph/project/sharmalab/dnimrich/cd8atlas/data/qc+subsampled_100000.h5ad
[bioreport] Loaded adata with with shape (91098, 14025)
[bioreport] Preserved existing `counts` layer from loaded adata
[bioreport] Labeled 13256 genes from protein-coding_gene.txt
[bioreport] ## 3. Feature selection
[bioreport] ### 3.3 Highly Variable Gene selection
[bioreport] HVGs selected: 4000 (including 27 whitelisted genes)
[bioreport] saving figure: hvg_before_seurat_4000.png
[bioreport] saving figure: hvg_after_seurat_4000.png
[bioreport] ### Top 20 expressed genes after selection:
[bioreport] saving figure: top20_expr_genes.png
[bioreport] ## 4. Dimensional reduction
[bioreport] ### Principal component analysis (PCA)
/package/python-cbrg/current/3.11.14/lib/python3.11/site-packages/scanpy/preprocessing/_scale.py:309: UserWarning: Received a view of an AnnData. Making a copy.
  view_to_actual(adata)
/package/python-base/3.11.14/lib/python3.11/functools.py:909: UserWarning: zero-centering a sparse array/matrix densifies it.
  return dispatch(args[0].__class__)(*args, **kw)
[bioreport] Scaled data with max variance cutoff 10
[bioreport] Calculated PCA with 25 components
[bioreport] saving figure: pca_variance_ratio_n=25.png
[bioreport] saving figure: pca_scatter_n=25.png
[bioreport] ### UMAP
2026-04-21 06:17:29.622856: I external/local_xla/xla/tsl/cuda/cudart_stub.cc:31] Could not find cuda drivers on your machine, GPU will not be used.
2026-04-21 06:17:29.674032: I tensorflow/core/platform/cpu_feature_guard.cc:210] This TensorFlow binary is optimized to use available CPU instructions in performance-critical operations.
To enable the following instructions: AVX2 FMA, in other operations, rebuild TensorFlow with the appropriate compiler flags.
[bioreport] Calculated nearest 10 neighbours using 25 PCs
[bioreport] Calculated UMAP with min_dist 0.2 and spread 1.0
[bioreport] ## 5. Clustering
/ceph/project/sharmalab/dnimrich/cd8atlas/code/pipeline_elements.py:554: FutureWarning: In the future, the default backend for leiden will be igraph instead of leidenalg.

 To achieve the future defaults please pass: flavor="igraph" and n_iterations=2.  directed must also be False to work with igraph's implementation.
  sc.tl.leiden(adata, resolution=leiden_resolution, key_added=leiden_key)
[bioreport] Detected 25 clusters with leiden at resolution 0.6
[bioreport] saving figure: umap_plot_n=10_mindist=0.2_res=0.6.png
[bioreport] Saving into /ceph/project/sharmalab/dnimrich/cd8atlas/output/inhibitory_receptors/inhibitory_receptors_20260421_061614_data/adata_umap_clustering_n=10_mindist=0.2_res=0.6.h5ad
[bioreport] 
> Saved adata with shape (91098, 4000)
[bioreport] ### Labeling states based on markers:
[bioreport] logged a table: 9 rows x 4 columns
[bioreport] State marker genes in dataset: 27 present, 4 missing
[bioreport] Omitted state markers: 1D2, 1D3, IFNG, TIGID
[bioreport] ### Assigned state labels:
[bioreport] logged a table: 4 rows x 3 columns
[bioreport] saving figure: umap_plot_states.png
[bioreport] Plotting 27 genes from adata.var[`state_markers_selected`]
[bioreport] saving figure: dotplot_leiden_X_state_markers.png
[bioreport] ## 6. FindAllMarkers
[bioreport] ### Finding significant genes with FindAllMarkers (via Seurat in R)
[bioreport] FindAllMarkers will use up to 48 R worker(s)
Warning: Data is of class dgTMatrix. Coercing to dgCMatrix.
Using future::multicore with 48 workers for FindAllMarkers
Calculating cluster 9
Calculating cluster 8
Calculating cluster 3
Calculating cluster 11
Calculating cluster 2
Calculating cluster 16
Calculating cluster 20
Calculating cluster 1
